Added Component: Designator=*(HDR2x5)
Added Component: Designator=*(TSSOP20)
Added Component: Designator=*(GLCD_PANEL)
Added Component: Designator=+3.3V(TP-LOOP)
Added Component: Designator=+5V(TP-LOOP)
Added Component: Designator=C?(0603-0.8MM)
Added Component: Designator=C?(0603-0.8MM)
Added Component: Designator=C?(0603-0.8MM)
Added Component: Designator=C?(0603-0.8MM)
Added Component: Designator=CE(TP-LOOP)
Added Component: Designator=GND(TP-LOOP)
Added Component: Designator=LE(TP-LOOP)
Added Component: Designator=MO(TP-LOOP)
Added Component: Designator=P?(HDR1X5H)
Added Component: Designator=SCK(TP-LOOP)
Added Component: Designator=SDI(TP-LOOP)
Added Component: Designator=SDO(TP-LOOP)
Added Component: Designator=U?(SOT-23-5)
Added Pin To Net: NetName=3V3 Pin=+3.3V-0
Added Pin To Net: NetName=3V3 Pin=C?-2
Added Pin To Net: NetName=3V3 Pin=U?-5
Added Net: Name=3V3
Added Pin To Net: NetName=5V Pin=+5V-0
Added Pin To Net: NetName=5V Pin=C?-2
Added Pin To Net: NetName=5V Pin=U?-1
Added Pin To Net: NetName=5V Pin=U?-3
Added Net: Name=5V
Added Pin To Net: NetName=CE_3V3 Pin=*-5
Added Pin To Net: NetName=CE_3V3 Pin=*-6
Added Net: Name=CE_3V3
Added Pin To Net: NetName=CE_5V Pin=*-15
Added Pin To Net: NetName=CE_5V Pin=*-38
Added Pin To Net: NetName=CE_5V Pin=CE-0
Added Net: Name=CE_5V
Added Pin To Net: NetName=GND Pin=*-6
Added Pin To Net: NetName=GND Pin=*-11
Added Pin To Net: NetName=GND Pin=C?-1
Added Pin To Net: NetName=GND Pin=C?-1
Added Pin To Net: NetName=GND Pin=C?-1
Added Pin To Net: NetName=GND Pin=C?-1
Added Pin To Net: NetName=GND Pin=GND-0
Added Pin To Net: NetName=GND Pin=U?-2
Added Net: Name=GND
Added Pin To Net: NetName=LE_3V3 Pin=*-2
Added Pin To Net: NetName=LE_3V3 Pin=*-5
Added Net: Name=LE_3V3
Added Pin To Net: NetName=LE_5V Pin=*-16
Added Pin To Net: NetName=LE_5V Pin=*-36
Added Pin To Net: NetName=LE_5V Pin=LE-0
Added Net: Name=LE_5V
Added Pin To Net: NetName=MO_3V3 Pin=*-3
Added Pin To Net: NetName=MO_3V3 Pin=*-7
Added Net: Name=MO_3V3
Added Pin To Net: NetName=MO_5V Pin=*-14
Added Pin To Net: NetName=MO_5V Pin=*-37
Added Pin To Net: NetName=MO_5V Pin=MO-0
Added Net: Name=MO_5V
Added Pin To Net: NetName=Net*_0 Pin=*-0
Added Pin To Net: NetName=Net*_0 Pin=P?-5
Added Net: Name=Net*_0
Added Pin To Net: NetName=Net*_1 Pin=*-1
Added Pin To Net: NetName=Net*_1 Pin=P?-4
Added Net: Name=Net*_1
Added Pin To Net: NetName=Net*_2 Pin=*-2
Added Pin To Net: NetName=Net*_2 Pin=P?-3
Added Net: Name=Net*_2
Added Pin To Net: NetName=Net*_3 Pin=*-3
Added Pin To Net: NetName=Net*_3 Pin=P?-2
Added Net: Name=Net*_3
Added Pin To Net: NetName=Net*_4 Pin=*-4
Added Pin To Net: NetName=Net*_4 Pin=P?-1
Added Net: Name=Net*_4
Added Pin To Net: NetName=Net*_5 Pin=*-5
Added Pin To Net: NetName=Net*_5 Pin=C?-2
Added Net: Name=Net*_5
Added Pin To Net: NetName=SCK_3V3 Pin=*-1
Added Pin To Net: NetName=SCK_3V3 Pin=*-8
Added Net: Name=SCK_3V3
Added Pin To Net: NetName=SCK_5V Pin=*-20
Added Pin To Net: NetName=SCK_5V Pin=*-35
Added Pin To Net: NetName=SCK_5V Pin=SCK-0
Added Net: Name=SCK_5V
Added Pin To Net: NetName=SDI_3V3 Pin=*-3
Added Net: Name=SDI_3V3
Added Pin To Net: NetName=SDI_5V Pin=*-18
Added Pin To Net: NetName=SDI_5V Pin=*-34
Added Pin To Net: NetName=SDI_5V Pin=SDI-0
Added Net: Name=SDI_5V
Added Pin To Net: NetName=SDO_3V3 Pin=*-4
Added Pin To Net: NetName=SDO_3V3 Pin=*-4
Added Net: Name=SDO_3V3
Added Pin To Net: NetName=SDO_5V Pin=*-17
Added Pin To Net: NetName=SDO_5V Pin=*-33
Added Pin To Net: NetName=SDO_5V Pin=SDO-0
Added Net: Name=SDO_5V
Added Pin To Net: NetName=VCC Pin=*-2
Added Pin To Net: NetName=VCC Pin=*-10
Added Pin To Net: NetName=VCC Pin=*-19
Added Pin To Net: NetName=VCC Pin=C?-2
Added Net: Name=VCC
Added Class: Name=touchscreen
Added Room: Name=touchscreen
