Replace Part D11 SCHOTTKY in C:\Users\Nathan\Documents\School\2014-2015\2014 Fall\EE5100\Repositories\altium\projects\vco\op amp.SchDoc with SCHOTTKY from EE.DbLib
Replace Part D12 LED in C:\Users\Nathan\Documents\School\2014-2015\2014 Fall\EE5100\Repositories\altium\projects\vco\op amp.SchDoc with LED from EE.DbLib
Replace Part D13 SCHOTTKY in C:\Users\Nathan\Documents\School\2014-2015\2014 Fall\EE5100\Repositories\altium\projects\vco\op amp.SchDoc with SCHOTTKY from EE.DbLib
Replace Part J36 GEN-PAD in C:\Users\Nathan\Documents\School\2014-2015\2014 Fall\EE5100\Repositories\altium\projects\vco\op amp.SchDoc with GEN-PAD from EE.DbLib
Replace Part J37 GEN-PAD in C:\Users\Nathan\Documents\School\2014-2015\2014 Fall\EE5100\Repositories\altium\projects\vco\op amp.SchDoc with GEN-PAD from EE.DbLib
Replace Part J38 GEN-PAD in C:\Users\Nathan\Documents\School\2014-2015\2014 Fall\EE5100\Repositories\altium\projects\vco\op amp.SchDoc with GEN-PAD from EE.DbLib
Replace Part J39 GEN-PAD in C:\Users\Nathan\Documents\School\2014-2015\2014 Fall\EE5100\Repositories\altium\projects\vco\op amp.SchDoc with GEN-PAD from EE.DbLib
Replace Part J40 GEN-PAD in C:\Users\Nathan\Documents\School\2014-2015\2014 Fall\EE5100\Repositories\altium\projects\vco\op amp.SchDoc with GEN-PAD from EE.DbLib
Replace Part J41 GEN-PAD in C:\Users\Nathan\Documents\School\2014-2015\2014 Fall\EE5100\Repositories\altium\projects\vco\op amp.SchDoc with GEN-PAD from EE.DbLib
Replace Part J42 GEN-PAD in C:\Users\Nathan\Documents\School\2014-2015\2014 Fall\EE5100\Repositories\altium\projects\vco\op amp.SchDoc with GEN-PAD from EE.DbLib
Replace Part J43 GEN-PAD in C:\Users\Nathan\Documents\School\2014-2015\2014 Fall\EE5100\Repositories\altium\projects\vco\op amp.SchDoc with GEN-PAD from EE.DbLib
Replace Part J44 GEN-PAD in C:\Users\Nathan\Documents\School\2014-2015\2014 Fall\EE5100\Repositories\altium\projects\vco\op amp.SchDoc with GEN-PAD from EE.DbLib
Replace Part J45 GEN-PAD in C:\Users\Nathan\Documents\School\2014-2015\2014 Fall\EE5100\Repositories\altium\projects\vco\op amp.SchDoc with GEN-PAD from EE.DbLib
Replace Part J46 GEN-PAD in C:\Users\Nathan\Documents\School\2014-2015\2014 Fall\EE5100\Repositories\altium\projects\vco\op amp.SchDoc with GEN-PAD from EE.DbLib
Replace Part J47 GEN-PAD in C:\Users\Nathan\Documents\School\2014-2015\2014 Fall\EE5100\Repositories\altium\projects\vco\op amp.SchDoc with GEN-PAD from EE.DbLib
Replace Part J48 GEN-PAD in C:\Users\Nathan\Documents\School\2014-2015\2014 Fall\EE5100\Repositories\altium\projects\vco\op amp.SchDoc with GEN-PAD from EE.DbLib
Replace Part J49 GEN-PAD in C:\Users\Nathan\Documents\School\2014-2015\2014 Fall\EE5100\Repositories\altium\projects\vco\op amp.SchDoc with GEN-PAD from EE.DbLib
Replace Part J50 GEN-PAD in C:\Users\Nathan\Documents\School\2014-2015\2014 Fall\EE5100\Repositories\altium\projects\vco\op amp.SchDoc with GEN-PAD from EE.DbLib
Replace Part J51 GEN-PAD in C:\Users\Nathan\Documents\School\2014-2015\2014 Fall\EE5100\Repositories\altium\projects\vco\op amp.SchDoc with GEN-PAD from EE.DbLib
Replace Part J52 GEN-PAD in C:\Users\Nathan\Documents\School\2014-2015\2014 Fall\EE5100\Repositories\altium\projects\vco\op amp.SchDoc with GEN-PAD from EE.DbLib
Replace Part J53 GEN-PAD in C:\Users\Nathan\Documents\School\2014-2015\2014 Fall\EE5100\Repositories\altium\projects\vco\op amp.SchDoc with GEN-PAD from EE.DbLib
Replace Part L4 L in C:\Users\Nathan\Documents\School\2014-2015\2014 Fall\EE5100\Repositories\altium\projects\vco\op amp.SchDoc with L from EE.DbLib
Replace Part L5 L in C:\Users\Nathan\Documents\School\2014-2015\2014 Fall\EE5100\Repositories\altium\projects\vco\op amp.SchDoc with L from EE.DbLib
Replace Part R25 RES in C:\Users\Nathan\Documents\School\2014-2015\2014 Fall\EE5100\Repositories\altium\projects\vco\op amp.SchDoc with RES from EM.SVNDBLib
Replace Part R26 RES in C:\Users\Nathan\Documents\School\2014-2015\2014 Fall\EE5100\Repositories\altium\projects\vco\op amp.SchDoc with RES from EM.SVNDBLib
Replace Part R27 RES in C:\Users\Nathan\Documents\School\2014-2015\2014 Fall\EE5100\Repositories\altium\projects\vco\op amp.SchDoc with RES from EM.SVNDBLib
Replace Part R28 POT in C:\Users\Nathan\Documents\School\2014-2015\2014 Fall\EE5100\Repositories\altium\projects\vco\op amp.SchDoc with POT from EE.DbLib
Replace Part R29 RES in C:\Users\Nathan\Documents\School\2014-2015\2014 Fall\EE5100\Repositories\altium\projects\vco\op amp.SchDoc with RES from EM.SVNDBLib
Replace Part R30 RES in C:\Users\Nathan\Documents\School\2014-2015\2014 Fall\EE5100\Repositories\altium\projects\vco\op amp.SchDoc with RES from EM.SVNDBLib
Replace Part R31 RES in C:\Users\Nathan\Documents\School\2014-2015\2014 Fall\EE5100\Repositories\altium\projects\vco\op amp.SchDoc with RES from EM.SVNDBLib
Replace Part R32 RES in C:\Users\Nathan\Documents\School\2014-2015\2014 Fall\EE5100\Repositories\altium\projects\vco\op amp.SchDoc with RES from EM.SVNDBLib
Replace Part R33 RES in C:\Users\Nathan\Documents\School\2014-2015\2014 Fall\EE5100\Repositories\altium\projects\vco\op amp.SchDoc with RES from EM.SVNDBLib
Replace Part R34 RES in C:\Users\Nathan\Documents\School\2014-2015\2014 Fall\EE5100\Repositories\altium\projects\vco\op amp.SchDoc with RES from EM.SVNDBLib
Replace Part R35 POT in C:\Users\Nathan\Documents\School\2014-2015\2014 Fall\EE5100\Repositories\altium\projects\vco\op amp.SchDoc with POT from EE.DbLib
Replace Part R36 RES in C:\Users\Nathan\Documents\School\2014-2015\2014 Fall\EE5100\Repositories\altium\projects\vco\op amp.SchDoc with RES from EM.SVNDBLib
Replace Part R37 POT in C:\Users\Nathan\Documents\School\2014-2015\2014 Fall\EE5100\Repositories\altium\projects\vco\op amp.SchDoc with POT from EE.DbLib
Replace Part TP11 TP-LOOP in C:\Users\Nathan\Documents\School\2014-2015\2014 Fall\EE5100\Repositories\altium\projects\vco\op amp.SchDoc with TP-LOOP from EM.SVNDBLib
Replace Part TP12 TP-LOOP in C:\Users\Nathan\Documents\School\2014-2015\2014 Fall\EE5100\Repositories\altium\projects\vco\op amp.SchDoc with TP-LOOP from EM.SVNDBLib
Replace Part TP13 TP-LOOP in C:\Users\Nathan\Documents\School\2014-2015\2014 Fall\EE5100\Repositories\altium\projects\vco\op amp.SchDoc with TP-LOOP from EM.SVNDBLib
Replace Part TP14 TP-LOOP in C:\Users\Nathan\Documents\School\2014-2015\2014 Fall\EE5100\Repositories\altium\projects\vco\op amp.SchDoc with TP-LOOP from EM.SVNDBLib
Replace Part TP15 TP-LOOP in C:\Users\Nathan\Documents\School\2014-2015\2014 Fall\EE5100\Repositories\altium\projects\vco\op amp.SchDoc with TP-LOOP from EM.SVNDBLib
Replace Part TP16 TP-LOOP in C:\Users\Nathan\Documents\School\2014-2015\2014 Fall\EE5100\Repositories\altium\projects\vco\op amp.SchDoc with TP-LOOP from EM.SVNDBLib
Replace Part U10 OP284 in C:\Users\Nathan\Documents\School\2014-2015\2014 Fall\EE5100\Repositories\altium\projects\vco\op amp.SchDoc with OP284 from EE.DbLib
Replace Part U10 OP284 in C:\Users\Nathan\Documents\School\2014-2015\2014 Fall\EE5100\Repositories\altium\projects\vco\op amp.SchDoc with OP284 from EE.DbLib
