Change Component Designator: Old Designator=C? New Designator=C39
Change Component Designator: Old Designator=C? New Designator=C40
Change Component Designator: Old Designator=C? New Designator=C41
Change Component Designator: Old Designator=C? New Designator=C42
Change Component Designator: Old Designator=C? New Designator=C43
Change Component Designator: Old Designator=C? New Designator=C44
Change Component Designator: Old Designator=D? New Designator=D11
Change Component Designator: Old Designator=D? New Designator=D13
Change Component Designator: Old Designator=J? New Designator=J36
Change Component Designator: Old Designator=J? New Designator=J37
Change Component Designator: Old Designator=J? New Designator=J38
Change Component Designator: Old Designator=J? New Designator=J39
Change Component Designator: Old Designator=J? New Designator=J40
Change Component Designator: Old Designator=J? New Designator=J41
Change Component Designator: Old Designator=J? New Designator=J42
Change Component Designator: Old Designator=J? New Designator=J43
Change Component Designator: Old Designator=J? New Designator=J44
Change Component Designator: Old Designator=J? New Designator=J45
Change Component Designator: Old Designator=J? New Designator=J46
Change Component Designator: Old Designator=J? New Designator=J47
Change Component Designator: Old Designator=J? New Designator=J48
Change Component Designator: Old Designator=J? New Designator=J49
Change Component Designator: Old Designator=J? New Designator=J50
Change Component Designator: Old Designator=J? New Designator=J51
Change Component Designator: Old Designator=J? New Designator=J52
Change Component Designator: Old Designator=J? New Designator=J53
Change Component Designator: Old Designator=J? New Designator=J54
Change Component Designator: Old Designator=L? New Designator=L5
Change Component Designator: Old Designator=R34 New Designator=R36
Change Component Designator: Old Designator=R35 New Designator=R34
Change Component Designator: Old Designator=R36 New Designator=R37
Change Component Designator: Old Designator=R37 New Designator=R35
Change Component Designator: Old Designator=TP? New Designator=TP11
Change Component Designator: Old Designator=TP? New Designator=TP12
Change Component Designator: Old Designator=TP? New Designator=TP13
Change Component Designator: Old Designator=TP? New Designator=TP14
Change Component Designator: Old Designator=TP? New Designator=TP15
Change Component Designator: Old Designator=TP? New Designator=TP16
