Replace Part F2 FER in C:\Users\Nathan\Documents\School\2014-2015\2014 Fall\EE5100\Repositories\altium\projects\vco\pll-filters.SchDoc with FER from EE.DbLib
Replace Part J54 GEN-PAD in C:\Users\Nathan\Documents\School\2014-2015\2014 Fall\EE5100\Repositories\altium\projects\vco\pll-filters.SchDoc with GEN-PAD from EE.DbLib
Replace Part J55 CON-SMA in C:\Users\Nathan\Documents\School\2014-2015\2014 Fall\EE5100\Repositories\altium\projects\vco\pll-filters.SchDoc with CON-SMA from EE.DbLib
Replace Part J56 GEN-PAD in C:\Users\Nathan\Documents\School\2014-2015\2014 Fall\EE5100\Repositories\altium\projects\vco\pll-filters.SchDoc with GEN-PAD from EE.DbLib
Replace Part J57 GEN-PAD in C:\Users\Nathan\Documents\School\2014-2015\2014 Fall\EE5100\Repositories\altium\projects\vco\pll-filters.SchDoc with GEN-PAD from EE.DbLib
Replace Part J58 GEN-PAD in C:\Users\Nathan\Documents\School\2014-2015\2014 Fall\EE5100\Repositories\altium\projects\vco\pll-filters.SchDoc with GEN-PAD from EE.DbLib
Replace Part J59 GEN-PAD in C:\Users\Nathan\Documents\School\2014-2015\2014 Fall\EE5100\Repositories\altium\projects\vco\pll-filters.SchDoc with GEN-PAD from EE.DbLib
Replace Part J60 GEN-PAD in C:\Users\Nathan\Documents\School\2014-2015\2014 Fall\EE5100\Repositories\altium\projects\vco\pll-filters.SchDoc with GEN-PAD from EE.DbLib
Replace Part J61 GEN-PAD in C:\Users\Nathan\Documents\School\2014-2015\2014 Fall\EE5100\Repositories\altium\projects\vco\pll-filters.SchDoc with GEN-PAD from EE.DbLib
Replace Part J62 GEN-PAD in C:\Users\Nathan\Documents\School\2014-2015\2014 Fall\EE5100\Repositories\altium\projects\vco\pll-filters.SchDoc with GEN-PAD from EE.DbLib
Replace Part J63 GEN-PAD in C:\Users\Nathan\Documents\School\2014-2015\2014 Fall\EE5100\Repositories\altium\projects\vco\pll-filters.SchDoc with GEN-PAD from EE.DbLib
Replace Part J64 GEN-PAD in C:\Users\Nathan\Documents\School\2014-2015\2014 Fall\EE5100\Repositories\altium\projects\vco\pll-filters.SchDoc with GEN-PAD from EE.DbLib
Replace Part J65 GEN-PAD in C:\Users\Nathan\Documents\School\2014-2015\2014 Fall\EE5100\Repositories\altium\projects\vco\pll-filters.SchDoc with GEN-PAD from EE.DbLib
Replace Part J66 GEN-PAD in C:\Users\Nathan\Documents\School\2014-2015\2014 Fall\EE5100\Repositories\altium\projects\vco\pll-filters.SchDoc with GEN-PAD from EE.DbLib
Replace Part J67 GEN-PAD in C:\Users\Nathan\Documents\School\2014-2015\2014 Fall\EE5100\Repositories\altium\projects\vco\pll-filters.SchDoc with GEN-PAD from EE.DbLib
Replace Part J68 GEN-PAD in C:\Users\Nathan\Documents\School\2014-2015\2014 Fall\EE5100\Repositories\altium\projects\vco\pll-filters.SchDoc with GEN-PAD from EE.DbLib
Replace Part J69 GEN-PAD in C:\Users\Nathan\Documents\School\2014-2015\2014 Fall\EE5100\Repositories\altium\projects\vco\pll-filters.SchDoc with GEN-PAD from EE.DbLib
Replace Part J70 GEN-PAD in C:\Users\Nathan\Documents\School\2014-2015\2014 Fall\EE5100\Repositories\altium\projects\vco\pll-filters.SchDoc with GEN-PAD from EE.DbLib
Replace Part J71 GEN-PAD in C:\Users\Nathan\Documents\School\2014-2015\2014 Fall\EE5100\Repositories\altium\projects\vco\pll-filters.SchDoc with GEN-PAD from EE.DbLib
Replace Part J72 GEN-PAD in C:\Users\Nathan\Documents\School\2014-2015\2014 Fall\EE5100\Repositories\altium\projects\vco\pll-filters.SchDoc with GEN-PAD from EE.DbLib
Replace Part J73 GEN-PAD in C:\Users\Nathan\Documents\School\2014-2015\2014 Fall\EE5100\Repositories\altium\projects\vco\pll-filters.SchDoc with GEN-PAD from EE.DbLib
Replace Part J74 GEN-PAD in C:\Users\Nathan\Documents\School\2014-2015\2014 Fall\EE5100\Repositories\altium\projects\vco\pll-filters.SchDoc with GEN-PAD from EE.DbLib
Replace Part J75 GEN-PAD in C:\Users\Nathan\Documents\School\2014-2015\2014 Fall\EE5100\Repositories\altium\projects\vco\pll-filters.SchDoc with GEN-PAD from EE.DbLib
Replace Part J76 GEN-PAD in C:\Users\Nathan\Documents\School\2014-2015\2014 Fall\EE5100\Repositories\altium\projects\vco\pll-filters.SchDoc with GEN-PAD from EE.DbLib
Replace Part J77 GEN-PAD in C:\Users\Nathan\Documents\School\2014-2015\2014 Fall\EE5100\Repositories\altium\projects\vco\pll-filters.SchDoc with GEN-PAD from EE.DbLib
Replace Part J78 GEN-PAD in C:\Users\Nathan\Documents\School\2014-2015\2014 Fall\EE5100\Repositories\altium\projects\vco\pll-filters.SchDoc with GEN-PAD from EE.DbLib
Replace Part J79 GEN-PAD in C:\Users\Nathan\Documents\School\2014-2015\2014 Fall\EE5100\Repositories\altium\projects\vco\pll-filters.SchDoc with GEN-PAD from EE.DbLib
Replace Part J80 GEN-PAD in C:\Users\Nathan\Documents\School\2014-2015\2014 Fall\EE5100\Repositories\altium\projects\vco\pll-filters.SchDoc with GEN-PAD from EE.DbLib
Replace Part J81 GEN-PAD in C:\Users\Nathan\Documents\School\2014-2015\2014 Fall\EE5100\Repositories\altium\projects\vco\pll-filters.SchDoc with GEN-PAD from EE.DbLib
Replace Part J82 GEN-PAD in C:\Users\Nathan\Documents\School\2014-2015\2014 Fall\EE5100\Repositories\altium\projects\vco\pll-filters.SchDoc with GEN-PAD from EE.DbLib
Replace Part J83 GEN-PAD in C:\Users\Nathan\Documents\School\2014-2015\2014 Fall\EE5100\Repositories\altium\projects\vco\pll-filters.SchDoc with GEN-PAD from EE.DbLib
Replace Part J84 GEN-PAD in C:\Users\Nathan\Documents\School\2014-2015\2014 Fall\EE5100\Repositories\altium\projects\vco\pll-filters.SchDoc with GEN-PAD from EE.DbLib
Replace Part J85 GEN-PAD in C:\Users\Nathan\Documents\School\2014-2015\2014 Fall\EE5100\Repositories\altium\projects\vco\pll-filters.SchDoc with GEN-PAD from EE.DbLib
Replace Part J86 GEN-PAD in C:\Users\Nathan\Documents\School\2014-2015\2014 Fall\EE5100\Repositories\altium\projects\vco\pll-filters.SchDoc with GEN-PAD from EE.DbLib
Replace Part J87 GEN-PAD in C:\Users\Nathan\Documents\School\2014-2015\2014 Fall\EE5100\Repositories\altium\projects\vco\pll-filters.SchDoc with GEN-PAD from EE.DbLib
Replace Part J88 GEN-PAD in C:\Users\Nathan\Documents\School\2014-2015\2014 Fall\EE5100\Repositories\altium\projects\vco\pll-filters.SchDoc with GEN-PAD from EE.DbLib
Replace Part J89 GEN-PAD in C:\Users\Nathan\Documents\School\2014-2015\2014 Fall\EE5100\Repositories\altium\projects\vco\pll-filters.SchDoc with GEN-PAD from EE.DbLib
Replace Part J90 GEN-PAD in C:\Users\Nathan\Documents\School\2014-2015\2014 Fall\EE5100\Repositories\altium\projects\vco\pll-filters.SchDoc with GEN-PAD from EE.DbLib
Replace Part J91 GEN-PAD in C:\Users\Nathan\Documents\School\2014-2015\2014 Fall\EE5100\Repositories\altium\projects\vco\pll-filters.SchDoc with GEN-PAD from EE.DbLib
Replace Part J92 GEN-PAD in C:\Users\Nathan\Documents\School\2014-2015\2014 Fall\EE5100\Repositories\altium\projects\vco\pll-filters.SchDoc with GEN-PAD from EE.DbLib
Replace Part J93 GEN-PAD in C:\Users\Nathan\Documents\School\2014-2015\2014 Fall\EE5100\Repositories\altium\projects\vco\pll-filters.SchDoc with GEN-PAD from EE.DbLib
Replace Part J94 GEN-PAD in C:\Users\Nathan\Documents\School\2014-2015\2014 Fall\EE5100\Repositories\altium\projects\vco\pll-filters.SchDoc with GEN-PAD from EE.DbLib
Replace Part J95 GEN-PAD in C:\Users\Nathan\Documents\School\2014-2015\2014 Fall\EE5100\Repositories\altium\projects\vco\pll-filters.SchDoc with GEN-PAD from EE.DbLib
Replace Part J96 GEN-PAD in C:\Users\Nathan\Documents\School\2014-2015\2014 Fall\EE5100\Repositories\altium\projects\vco\pll-filters.SchDoc with GEN-PAD from EE.DbLib
Replace Part R38 RES in C:\Users\Nathan\Documents\School\2014-2015\2014 Fall\EE5100\Repositories\altium\projects\vco\pll-filters.SchDoc with RES from EM.SVNDBLib
Replace Part R39 RES in C:\Users\Nathan\Documents\School\2014-2015\2014 Fall\EE5100\Repositories\altium\projects\vco\pll-filters.SchDoc with RES from EM.SVNDBLib
Replace Part R40 RES in C:\Users\Nathan\Documents\School\2014-2015\2014 Fall\EE5100\Repositories\altium\projects\vco\pll-filters.SchDoc with RES from EM.SVNDBLib
Replace Part R41 RES in C:\Users\Nathan\Documents\School\2014-2015\2014 Fall\EE5100\Repositories\altium\projects\vco\pll-filters.SchDoc with RES from EM.SVNDBLib
Replace Part R42 RES in C:\Users\Nathan\Documents\School\2014-2015\2014 Fall\EE5100\Repositories\altium\projects\vco\pll-filters.SchDoc with RES from EM.SVNDBLib
Replace Part R43 RES in C:\Users\Nathan\Documents\School\2014-2015\2014 Fall\EE5100\Repositories\altium\projects\vco\pll-filters.SchDoc with RES from EM.SVNDBLib
Replace Part TP17 TP-LOOP in C:\Users\Nathan\Documents\School\2014-2015\2014 Fall\EE5100\Repositories\altium\projects\vco\pll-filters.SchDoc with TP-LOOP from EM.SVNDBLib
Replace Part TP18 TP-LOOP in C:\Users\Nathan\Documents\School\2014-2015\2014 Fall\EE5100\Repositories\altium\projects\vco\pll-filters.SchDoc with TP-LOOP from EM.SVNDBLib
Replace Part TP19 TP-LOOP in C:\Users\Nathan\Documents\School\2014-2015\2014 Fall\EE5100\Repositories\altium\projects\vco\pll-filters.SchDoc with TP-LOOP from EM.SVNDBLib
Replace Part TP20 TP-LOOP in C:\Users\Nathan\Documents\School\2014-2015\2014 Fall\EE5100\Repositories\altium\projects\vco\pll-filters.SchDoc with TP-LOOP from EM.SVNDBLib
Replace Part TP21 TP-LOOP in C:\Users\Nathan\Documents\School\2014-2015\2014 Fall\EE5100\Repositories\altium\projects\vco\pll-filters.SchDoc with TP-LOOP from EM.SVNDBLib
Replace Part TP22 TP-LOOP in C:\Users\Nathan\Documents\School\2014-2015\2014 Fall\EE5100\Repositories\altium\projects\vco\pll-filters.SchDoc with TP-LOOP from EM.SVNDBLib
Replace Part TP23 TP-LOOP in C:\Users\Nathan\Documents\School\2014-2015\2014 Fall\EE5100\Repositories\altium\projects\vco\pll-filters.SchDoc with TP-LOOP from EM.SVNDBLib
Replace Part TP24 TP-LOOP in C:\Users\Nathan\Documents\School\2014-2015\2014 Fall\EE5100\Repositories\altium\projects\vco\pll-filters.SchDoc with TP-LOOP from EM.SVNDBLib
Replace Part TP25 TP-LOOP in C:\Users\Nathan\Documents\School\2014-2015\2014 Fall\EE5100\Repositories\altium\projects\vco\pll-filters.SchDoc with TP-LOOP from EM.SVNDBLib
Replace Part TP26 TP-LOOP in C:\Users\Nathan\Documents\School\2014-2015\2014 Fall\EE5100\Repositories\altium\projects\vco\pll-filters.SchDoc with TP-LOOP from EM.SVNDBLib
Replace Part TP27 TP-LOOP in C:\Users\Nathan\Documents\School\2014-2015\2014 Fall\EE5100\Repositories\altium\projects\vco\pll-filters.SchDoc with TP-LOOP from EM.SVNDBLib
Replace Part U11 OPA4188 in C:\Users\Nathan\Documents\School\2014-2015\2014 Fall\EE5100\Repositories\altium\projects\vco\pll-filters.SchDoc with OPA4188 from EE.DbLib
Replace Part U11 OPA4188 in C:\Users\Nathan\Documents\School\2014-2015\2014 Fall\EE5100\Repositories\altium\projects\vco\pll-filters.SchDoc with OPA4188 from EE.DbLib
Replace Part U11 OPA4188 in C:\Users\Nathan\Documents\School\2014-2015\2014 Fall\EE5100\Repositories\altium\projects\vco\pll-filters.SchDoc with OPA4188 from EE.DbLib
Replace Part U11 OPA4188 in C:\Users\Nathan\Documents\School\2014-2015\2014 Fall\EE5100\Repositories\altium\projects\vco\pll-filters.SchDoc with OPA4188 from EE.DbLib
