Replace Part D3 ZENER in C:\Users\Nathan\Documents\School\2014-2015\2014 Fall\EE5100\Repositories\altium\projects\vco\supplies.SchDoc with ZENER from EE.DbLib
Replace Part D5 LED in C:\Users\Nathan\Documents\School\2014-2015\2014 Fall\EE5100\Repositories\altium\projects\vco\supplies.SchDoc with LED from EE.DbLib
Replace Part D8 LED in C:\Users\Nathan\Documents\School\2014-2015\2014 Fall\EE5100\Repositories\altium\projects\vco\supplies.SchDoc with LED from EE.DbLib
Replace Part D9 LED in C:\Users\Nathan\Documents\School\2014-2015\2014 Fall\EE5100\Repositories\altium\projects\vco\supplies.SchDoc with LED from EE.DbLib
Replace Part D10 LED in C:\Users\Nathan\Documents\School\2014-2015\2014 Fall\EE5100\Repositories\altium\projects\vco\supplies.SchDoc with LED from EE.DbLib
Replace Part J1 GEN-PAD in C:\Users\Nathan\Documents\School\2014-2015\2014 Fall\EE5100\Repositories\altium\projects\vco\supplies.SchDoc with GEN-PAD from EE.DbLib
Replace Part J2 GEN-PAD in C:\Users\Nathan\Documents\School\2014-2015\2014 Fall\EE5100\Repositories\altium\projects\vco\supplies.SchDoc with GEN-PAD from EE.DbLib
Replace Part J3 GEN-PAD in C:\Users\Nathan\Documents\School\2014-2015\2014 Fall\EE5100\Repositories\altium\projects\vco\supplies.SchDoc with GEN-PAD from EE.DbLib
Replace Part J4 GEN-PAD in C:\Users\Nathan\Documents\School\2014-2015\2014 Fall\EE5100\Repositories\altium\projects\vco\supplies.SchDoc with GEN-PAD from EE.DbLib
Replace Part J5 GEN-PAD in C:\Users\Nathan\Documents\School\2014-2015\2014 Fall\EE5100\Repositories\altium\projects\vco\supplies.SchDoc with GEN-PAD from EE.DbLib
Replace Part J6 GEN-PAD in C:\Users\Nathan\Documents\School\2014-2015\2014 Fall\EE5100\Repositories\altium\projects\vco\supplies.SchDoc with GEN-PAD from EE.DbLib
Replace Part J7 GEN-PAD in C:\Users\Nathan\Documents\School\2014-2015\2014 Fall\EE5100\Repositories\altium\projects\vco\supplies.SchDoc with GEN-PAD from EE.DbLib
Replace Part J8 GEN-PAD in C:\Users\Nathan\Documents\School\2014-2015\2014 Fall\EE5100\Repositories\altium\projects\vco\supplies.SchDoc with GEN-PAD from EE.DbLib
Replace Part J9 GEN-PAD in C:\Users\Nathan\Documents\School\2014-2015\2014 Fall\EE5100\Repositories\altium\projects\vco\supplies.SchDoc with GEN-PAD from EE.DbLib
Replace Part J10 GEN-PAD in C:\Users\Nathan\Documents\School\2014-2015\2014 Fall\EE5100\Repositories\altium\projects\vco\supplies.SchDoc with GEN-PAD from EE.DbLib
Replace Part J11 GEN-PAD in C:\Users\Nathan\Documents\School\2014-2015\2014 Fall\EE5100\Repositories\altium\projects\vco\supplies.SchDoc with GEN-PAD from EE.DbLib
Replace Part J12 GEN-PAD in C:\Users\Nathan\Documents\School\2014-2015\2014 Fall\EE5100\Repositories\altium\projects\vco\supplies.SchDoc with GEN-PAD from EE.DbLib
Replace Part J13 GEN-PAD in C:\Users\Nathan\Documents\School\2014-2015\2014 Fall\EE5100\Repositories\altium\projects\vco\supplies.SchDoc with GEN-PAD from EE.DbLib
Replace Part P1 HDR-2 in C:\Users\Nathan\Documents\School\2014-2015\2014 Fall\EE5100\Repositories\altium\projects\vco\supplies.SchDoc with HDR-2 from EM.SVNDBLib
Replace Part R1 RES in C:\Users\Nathan\Documents\School\2014-2015\2014 Fall\EE5100\Repositories\altium\projects\vco\supplies.SchDoc with RES from EM.SVNDBLib
Replace Part R2 RES in C:\Users\Nathan\Documents\School\2014-2015\2014 Fall\EE5100\Repositories\altium\projects\vco\supplies.SchDoc with RES from EM.SVNDBLib
Replace Part R3 RES in C:\Users\Nathan\Documents\School\2014-2015\2014 Fall\EE5100\Repositories\altium\projects\vco\supplies.SchDoc with RES from EM.SVNDBLib
Replace Part R4 RES in C:\Users\Nathan\Documents\School\2014-2015\2014 Fall\EE5100\Repositories\altium\projects\vco\supplies.SchDoc with RES from EM.SVNDBLib
Replace Part R5 RES in C:\Users\Nathan\Documents\School\2014-2015\2014 Fall\EE5100\Repositories\altium\projects\vco\supplies.SchDoc with RES from EM.SVNDBLib
Replace Part R6 RES in C:\Users\Nathan\Documents\School\2014-2015\2014 Fall\EE5100\Repositories\altium\projects\vco\supplies.SchDoc with RES from EM.SVNDBLib
Replace Part R7 RES in C:\Users\Nathan\Documents\School\2014-2015\2014 Fall\EE5100\Repositories\altium\projects\vco\supplies.SchDoc with RES from EM.SVNDBLib
Replace Part R8 RES in C:\Users\Nathan\Documents\School\2014-2015\2014 Fall\EE5100\Repositories\altium\projects\vco\supplies.SchDoc with RES from EM.SVNDBLib
Replace Part R9 RES in C:\Users\Nathan\Documents\School\2014-2015\2014 Fall\EE5100\Repositories\altium\projects\vco\supplies.SchDoc with RES from EM.SVNDBLib
Replace Part R10 RES in C:\Users\Nathan\Documents\School\2014-2015\2014 Fall\EE5100\Repositories\altium\projects\vco\supplies.SchDoc with RES from EM.SVNDBLib
Replace Part R11 RES in C:\Users\Nathan\Documents\School\2014-2015\2014 Fall\EE5100\Repositories\altium\projects\vco\supplies.SchDoc with RES from EM.SVNDBLib
Replace Part R12 RES in C:\Users\Nathan\Documents\School\2014-2015\2014 Fall\EE5100\Repositories\altium\projects\vco\supplies.SchDoc with RES from EM.SVNDBLib
Replace Part R13 RES in C:\Users\Nathan\Documents\School\2014-2015\2014 Fall\EE5100\Repositories\altium\projects\vco\supplies.SchDoc with RES from EM.SVNDBLib
Replace Part R14 RES in C:\Users\Nathan\Documents\School\2014-2015\2014 Fall\EE5100\Repositories\altium\projects\vco\supplies.SchDoc with RES from EM.SVNDBLib
Replace Part R15 RES in C:\Users\Nathan\Documents\School\2014-2015\2014 Fall\EE5100\Repositories\altium\projects\vco\supplies.SchDoc with RES from EM.SVNDBLib
Replace Part TP1 TP-LOOP in C:\Users\Nathan\Documents\School\2014-2015\2014 Fall\EE5100\Repositories\altium\projects\vco\supplies.SchDoc with TP-LOOP from EM.SVNDBLib
Replace Part TP2 TP-LOOP in C:\Users\Nathan\Documents\School\2014-2015\2014 Fall\EE5100\Repositories\altium\projects\vco\supplies.SchDoc with TP-LOOP from EM.SVNDBLib
Replace Part TP3 TP-LOOP in C:\Users\Nathan\Documents\School\2014-2015\2014 Fall\EE5100\Repositories\altium\projects\vco\supplies.SchDoc with TP-LOOP from EM.SVNDBLib
Replace Part TP4 TP-LOOP in C:\Users\Nathan\Documents\School\2014-2015\2014 Fall\EE5100\Repositories\altium\projects\vco\supplies.SchDoc with TP-LOOP from EM.SVNDBLib
Replace Part TP5 TP-LOOP in C:\Users\Nathan\Documents\School\2014-2015\2014 Fall\EE5100\Repositories\altium\projects\vco\supplies.SchDoc with TP-LOOP from EM.SVNDBLib
Replace Part TP6 TP-LOOP in C:\Users\Nathan\Documents\School\2014-2015\2014 Fall\EE5100\Repositories\altium\projects\vco\supplies.SchDoc with TP-LOOP from EM.SVNDBLib
Replace Part TP7 TP-LOOP in C:\Users\Nathan\Documents\School\2014-2015\2014 Fall\EE5100\Repositories\altium\projects\vco\supplies.SchDoc with TP-LOOP from EM.SVNDBLib
Replace Part TP8 TP-LOOP in C:\Users\Nathan\Documents\School\2014-2015\2014 Fall\EE5100\Repositories\altium\projects\vco\supplies.SchDoc with TP-LOOP from EM.SVNDBLib
Replace Part TP9 TP-LOOP in C:\Users\Nathan\Documents\School\2014-2015\2014 Fall\EE5100\Repositories\altium\projects\vco\supplies.SchDoc with TP-LOOP from EM.SVNDBLib
Replace Part TP10 TP-LOOP in C:\Users\Nathan\Documents\School\2014-2015\2014 Fall\EE5100\Repositories\altium\projects\vco\supplies.SchDoc with TP-LOOP from EM.SVNDBLib
Replace Part U1 LM317 in C:\Users\Nathan\Documents\School\2014-2015\2014 Fall\EE5100\Repositories\altium\projects\vco\supplies.SchDoc with LM317 from EE.DbLib
Replace Part U2 REG113 in C:\Users\Nathan\Documents\School\2014-2015\2014 Fall\EE5100\Repositories\altium\projects\vco\supplies.SchDoc with REG113 from EE.DbLib
Replace Part U3 LM317 in C:\Users\Nathan\Documents\School\2014-2015\2014 Fall\EE5100\Repositories\altium\projects\vco\supplies.SchDoc with LM317 from EE.DbLib
Replace Part U4 REG113 in C:\Users\Nathan\Documents\School\2014-2015\2014 Fall\EE5100\Repositories\altium\projects\vco\supplies.SchDoc with REG113 from EE.DbLib
Replace Part U5 REG113 in C:\Users\Nathan\Documents\School\2014-2015\2014 Fall\EE5100\Repositories\altium\projects\vco\supplies.SchDoc with REG113 from EE.DbLib
