Removed Pin From Net: NetName=RF1OUT Pin=J30-1
Removed Pin From Net: NetName=RF1OUT Pin=J31-1
Removed Pin From Net: NetName=RF2OUT Pin=J34-1
Removed Pin From Net: NetName=GND Pin=J34-2
Removed Pin From Net: NetName=RF2OUT Pin=J35-1
Removed Pin From Net: NetName=GND Pin=J35-2
Removed Pin From Net: NetName=GND Pin=J37-1
Removed Pin From Net: NetName=NetJ36_2 Pin=J38-2
Removed Pin From Net: NetName=NetJ36_2 Pin=J39-1
Removed Pin From Net: NetName=GND Pin=J42-1
Removed Pin From Net: NetName=GND Pin=J43-1
Removed Pin From Net: NetName=NetJ36_1 Pin=J44-1
Removed Pin From Net: NetName=GND Pin=J44-2
Removed Pin From Net: NetName=GND Pin=J45-1
Removed Pin From Net: NetName=NetJ46_1 Pin=J46-1
Removed Pin From Net: NetName=NetJ46_1 Pin=J47-1
Removed Pin From Net: NetName=LOOP_FILTER_OUT Pin=J48-1
Removed Pin From Net: NetName=20V Pin=J50-1
Removed Pin From Net: NetName=GND Pin=J50-2
Removed Pin From Net: NetName=OP-10V Pin=J51-1
Removed Pin From Net: NetName=20V Pin=J52-1
Removed Pin From Net: NetName=OP-3V Pin=J53-1
Removed Pin From Net: NetName=NetC46_2 Pin=J54-1
Removed Pin From Net: NetName=NetC47_2 Pin=J54-2
Removed Pin From Net: NetName=NetC46_2 Pin=J56-1
Removed Pin From Net: NetName=GND Pin=J56-2
Removed Pin From Net: NetName=NetC46_2 Pin=J57-1
Removed Pin From Net: NetName=GND Pin=J57-2
Removed Pin From Net: NetName=NetC47_2 Pin=J58-1
Removed Pin From Net: NetName=GND Pin=J58-2
Removed Pin From Net: NetName=NetC48_2 Pin=J59-1
Removed Pin From Net: NetName=NetJ61_1 Pin=J62-1
Removed Pin From Net: NetName=GND Pin=J63-2
Removed Pin From Net: NetName=GND Pin=J66-1
Removed Pin From Net: NetName=GND Pin=J67-1
Removed Pin From Net: NetName=NetJ61_1 Pin=J68-2
Removed Pin From Net: NetName=NetJ66_2 Pin=J69-2
Removed Pin From Net: NetName=GND Pin=J72-2
Removed Pin From Net: NetName=GND Pin=J73-2
Removed Pin From Net: NetName=GND Pin=J74-2
Removed Pin From Net: NetName=GND Pin=J76-1
Removed Pin From Net: NetName=GND Pin=J78-1
Removed Pin From Net: NetName=GND Pin=J79-1
Removed Pin From Net: NetName=NetJ77_2 Pin=J79-2
Removed Pin From Net: NetName=NetJ77_2 Pin=J80-1
Removed Pin From Net: NetName=NetJ78_2 Pin=J80-2
Removed Pin From Net: NetName=GND Pin=J84-2
Removed Pin From Net: NetName=GND Pin=J85-2
Removed Pin From Net: NetName=GND Pin=J86-1
Removed Pin From Net: NetName=GND Pin=J87-1
Removed Pin From Net: NetName=GND Pin=J88-1
Removed Pin From Net: NetName=GND Pin=J89-1
Removed Pin From Net: NetName=NetJ88_2 Pin=J90-2
Removed Pin From Net: NetName=GND Pin=J93-2
Removed Pin From Net: NetName=GND Pin=J94-2
Removed Pin From Net: NetName=GND Pin=J95-1
Removed Pin From Net: NetName=GND Pin=J96-1
Removed Pin From Net: NetName=NetJ37_2 Pin=TP11-0
Removed Pin From Net: NetName=NetJ66_2 Pin=TP18-0
Removed Pin From Net: NetName=NetJ78_2 Pin=TP22-0
Removed Pin From Net: NetName=NetJ88_2 Pin=TP25-0
Removed Pin From Net: NetName=NetJ36_2 Pin=U9-6
Removed Pin From Net: NetName=NetJ61_1 Pin=U11-1
Removed Pin From Net: NetName=NetJ77_2 Pin=U11-13
Removed Member From Class: ClassName=VCO and Buffer Member=J34
Removed Member From Class: ClassName=VCO and Buffer Member=J35
Removed Member From Class: ClassName=OpAmp Member=J50
Removed Member From Class: ClassName=OpAmp Member=J51
Removed Member From Class: ClassName=OpAmp Member=J52
Removed Member From Class: ClassName=OpAmp Member=J53
Removed Member From Class: ClassName=Active/Passive PLL Filters Member=J93
Removed Member From Class: ClassName=Active/Passive PLL Filters Member=J94
Removed Member From Class: ClassName=Active/Passive PLL Filters Member=J95
Removed Member From Class: ClassName=Active/Passive PLL Filters Member=J96
Change Component DesignItemId : Designator=J51 Old DesignItemId=EE-GEN-00001 New DesignItemId=EE-CON-00001
Change Component DesignItemId : Designator=J50 Old DesignItemId=EE-GEN-00001 New DesignItemId=EE-GEN-00002
Change Component DesignItemId : Designator=J53 Old DesignItemId=EE-GEN-00001 New DesignItemId=EE-GEN-00002
Change Component DesignItemId : Designator=J34 Old DesignItemId=EE-GEN-00002 New DesignItemId=EE-GEN-00001
Change Component DesignItemId : Designator=J35 Old DesignItemId=EE-GEN-00002 New DesignItemId=EE-GEN-00001
Change Component DesignItemId : Designator=J54 Old DesignItemId=EE-GEN-00002 New DesignItemId=EE-GEN-00001
Change Component DesignItemId : Designator=J57 Old DesignItemId=EE-GEN-00002 New DesignItemId=EE-GEN-00001
Change Component DesignItemId : Designator=J59 Old DesignItemId=EE-GEN-00002 New DesignItemId=EE-GEN-00001
Change Component Footprint: Designator=J34 Old Footprint=0402-DNP New Footprint=0805-DNP
Change Component Footprint: Designator=J35 Old Footprint=0402-DNP New Footprint=0805-DNP
Change Component Footprint: Designator=J54 Old Footprint=0402-DNP New Footprint=0805-DNP
Change Component Footprint: Designator=J57 Old Footprint=0402-DNP New Footprint=0805-DNP
Change Component Footprint: Designator=J59 Old Footprint=0402-DNP New Footprint=0805-DNP
Change Component Footprint: Designator=J50 Old Footprint=0805-DNP New Footprint=0402-DNP
Change Component Footprint: Designator=J53 Old Footprint=0805-DNP New Footprint=0402-DNP
Change Component Footprint: Designator=J51 Old Footprint=0805-DNP New Footprint=CON-COAX
Change Component Comment : Designator=J51 Old Comment=GEN-PAD New Comment=CON-SMA
Added Component: Designator=J26(CON-COAX)
Added Component: Designator=J27(CON-COAX)
Added Component: Designator=J28(0402-DNP)
Added Component: Designator=J29(0402-DNP)
Added Component: Designator=J32(0805-DNP)
Added Component: Designator=J33(0805-DNP)
Added Component: Designator=J55(0402-DNP)
Added Pin To Net: NetName=GND Pin=J26-2
Added Pin To Net: NetName=GND Pin=J26-3
Added Pin To Net: NetName=GND Pin=J26-4
Added Pin To Net: NetName=GND Pin=J26-5
Added Pin To Net: NetName=GND Pin=J27-2
Added Pin To Net: NetName=GND Pin=J27-3
Added Pin To Net: NetName=GND Pin=J27-4
Added Pin To Net: NetName=GND Pin=J27-5
Added Pin To Net: NetName=RF1OUT Pin=J28-1
Added Pin To Net: NetName=GND Pin=J28-2
Added Pin To Net: NetName=RF1OUT Pin=J29-1
Added Pin To Net: NetName=GND Pin=J29-2
Added Pin To Net: NetName=RF2OUT Pin=J30-1
Added Pin To Net: NetName=RF2OUT Pin=J31-1
Added Pin To Net: NetName=NetJ36_1 Pin=J32-1
Added Pin To Net: NetName=GND Pin=J33-1
Added Pin To Net: NetName=GND Pin=J34-1
Added Pin To Net: NetName=GND Pin=J39-1
Added Pin To Net: NetName=GND Pin=J40-2
Added Pin To Net: NetName=GND Pin=J41-1
Added Pin To Net: NetName=NetJ36_2 Pin=J41-2
Added Pin To Net: NetName=NetJ46_1 Pin=J42-1
Added Pin To Net: NetName=GND Pin=J42-2
Added Pin To Net: NetName=NetJ46_1 Pin=J43-1
Added Pin To Net: NetName=GND Pin=J43-2
Added Pin To Net: NetName=LOOP_FILTER_OUT Pin=J44-1
Added Pin To Net: NetName=GND Pin=J45-2
Added Pin To Net: NetName=20V Pin=J46-1
Added Pin To Net: NetName=OP-10V Pin=J47-1
Added Pin To Net: NetName=20V Pin=J48-1
Added Pin To Net: NetName=GND Pin=J48-2
Added Pin To Net: NetName=OP-3V Pin=J49-1
Added Pin To Net: NetName=NetC46_2 Pin=J50-1
Added Pin To Net: NetName=NetC47_2 Pin=J50-2
Added Pin To Net: NetName=PLL_CHG_PUMP Pin=J51-1
Added Pin To Net: NetName=GND Pin=J51-3
Added Pin To Net: NetName=GND Pin=J51-4
Added Pin To Net: NetName=GND Pin=J51-5
Added Pin To Net: NetName=NetC46_2 Pin=J52-1
Added Pin To Net: NetName=NetC46_2 Pin=J53-1
Added Pin To Net: NetName=NetC47_2 Pin=J54-1
Added Pin To Net: NetName=GND Pin=J54-2
Added Pin To Net: NetName=NetC48_2 Pin=J55-1
Added Pin To Net: NetName=GND Pin=J55-2
Added Pin To Net: NetName=GND Pin=J62-1
Added Pin To Net: NetName=GND Pin=J63-1
Added Pin To Net: NetName=NetJ61_1 Pin=J66-1
Added Pin To Net: NetName=GND Pin=J68-2
Added Pin To Net: NetName=GND Pin=J69-2
Added Pin To Net: NetName=GND Pin=J70-2
Added Pin To Net: NetName=GND Pin=J71-1
Added Pin To Net: NetName=NetJ61_1 Pin=J71-2
Added Pin To Net: NetName=GND Pin=J72-1
Added Pin To Net: NetName=NetJ66_2 Pin=J72-2
Added Pin To Net: NetName=GND Pin=J74-1
Added Pin To Net: NetName=NetJ78_2 Pin=J80-1
Added Pin To Net: NetName=GND Pin=J80-2
Added Pin To Net: NetName=GND Pin=J81-2
Added Pin To Net: NetName=GND Pin=J82-1
Added Pin To Net: NetName=GND Pin=J83-1
Added Pin To Net: NetName=NetJ77_2 Pin=J83-2
Added Pin To Net: NetName=GND Pin=J84-1
Added Pin To Net: NetName=GND Pin=J85-1
Added Pin To Net: NetName=NetJ88_2 Pin=J89-1
Added Pin To Net: NetName=GND Pin=J89-2
Added Pin To Net: NetName=GND Pin=J90-2
Added Pin To Net: NetName=GND Pin=J91-1
Added Pin To Net: NetName=GND Pin=J92-1
Added Pin To Net: NetName=NetJ36_2 Pin=TP12-0
Added Pin To Net: NetName=NetJ66_2 Pin=TP19-0
Added Pin To Net: NetName=NetJ77_2 Pin=TP23-0
Added Pin To Net: NetName=NetJ78_2 Pin=TP24-0
Added Pin To Net: NetName=NetJ88_2 Pin=TP27-0
Added Pin To Net: NetName=NetJ37_2 Pin=U9-5
Added Pin To Net: NetName=NetJ61_1 Pin=U11-7
Change Net Name : Old Net Name=NetJ36_1 New Net Name=NetJ32_1
Change Net Name : Old Net Name=NetJ46_1 New Net Name=NetJ42_1
Added Pin To Net: NetName=NetJ26_1 Pin=J26-1
Added Pin To Net: NetName=NetJ26_1 Pin=LPF1-3
Added Net: Name=NetJ26_1
Added Pin To Net: NetName=NetJ27_1 Pin=J27-1
Added Pin To Net: NetName=NetJ27_1 Pin=LPF2-3
Added Net: Name=NetJ27_1
Added Pin To Net: NetName=NetJ32_2 Pin=J32-2
Added Pin To Net: NetName=NetJ32_2 Pin=J34-2
Added Pin To Net: NetName=NetJ32_2 Pin=J35-1
Added Pin To Net: NetName=NetJ32_2 Pin=U9-6
Added Net: Name=NetJ32_2
Added Pin To Net: NetName=NetJ33_2 Pin=J33-2
Added Pin To Net: NetName=NetJ33_2 Pin=J35-2
Added Pin To Net: NetName=NetJ33_2 Pin=TP11-0
Added Net: Name=NetJ33_2
Added Pin To Net: NetName=NetJ37_1 Pin=J37-1
Added Pin To Net: NetName=NetJ37_1 Pin=J38-2
Added Pin To Net: NetName=NetJ37_1 Pin=TP13-0
Added Net: Name=NetJ37_1
Added Pin To Net: NetName=NetJ44_2 Pin=J44-2
Added Pin To Net: NetName=NetJ44_2 Pin=J45-1
Added Net: Name=NetJ44_2
Added Pin To Net: NetName=NetJ56_1 Pin=J56-1
Added Pin To Net: NetName=NetJ56_1 Pin=J57-2
Added Net: Name=NetJ56_1
Added Pin To Net: NetName=NetJ56_2 Pin=J56-2
Added Pin To Net: NetName=NetJ56_2 Pin=J58-2
Added Pin To Net: NetName=NetJ56_2 Pin=J60-2
Added Pin To Net: NetName=NetJ56_2 Pin=U11-2
Added Net: Name=NetJ56_2
Added Pin To Net: NetName=NetJ57_1 Pin=J57-1
Added Pin To Net: NetName=NetJ57_1 Pin=J58-1
Added Pin To Net: NetName=NetJ57_1 Pin=J64-2
Added Pin To Net: NetName=NetJ57_1 Pin=U11-1
Added Net: Name=NetJ57_1
Added Pin To Net: NetName=NetJ59_1 Pin=J59-1
Added Pin To Net: NetName=NetJ59_1 Pin=J60-1
Added Pin To Net: NetName=NetJ59_1 Pin=R42-2
Added Net: Name=NetJ59_1
Added Pin To Net: NetName=NetJ61_2 Pin=J61-2
Added Pin To Net: NetName=NetJ61_2 Pin=J63-2
Added Pin To Net: NetName=NetJ61_2 Pin=J65-1
Added Pin To Net: NetName=NetJ61_2 Pin=U11-6
Added Net: Name=NetJ61_2
Added Pin To Net: NetName=NetJ62_2 Pin=J62-2
Added Pin To Net: NetName=NetJ62_2 Pin=J65-2
Added Pin To Net: NetName=NetJ62_2 Pin=TP18-0
Added Net: Name=NetJ62_2
Added Pin To Net: NetName=NetJ64_1 Pin=J64-1
Added Pin To Net: NetName=NetJ64_1 Pin=J68-1
Added Pin To Net: NetName=NetJ64_1 Pin=R43-1
Added Net: Name=NetJ64_1
Added Pin To Net: NetName=NetJ67_1 Pin=J67-1
Added Pin To Net: NetName=NetJ67_1 Pin=J70-1
Added Pin To Net: NetName=NetJ67_1 Pin=U11-5
Added Net: Name=NetJ67_1
Added Pin To Net: NetName=NetJ67_2 Pin=J67-2
Added Pin To Net: NetName=NetJ67_2 Pin=J69-1
Added Pin To Net: NetName=NetJ67_2 Pin=TP20-0
Added Net: Name=NetJ67_2
Added Pin To Net: NetName=NetJ73_1 Pin=J73-1
Added Pin To Net: NetName=NetJ73_1 Pin=J77-1
Added Pin To Net: NetName=NetJ73_1 Pin=J82-2
Added Pin To Net: NetName=NetJ73_1 Pin=U11-14
Added Net: Name=NetJ73_1
Added Pin To Net: NetName=NetJ73_2 Pin=J73-2
Added Pin To Net: NetName=NetJ73_2 Pin=J75-2
Added Pin To Net: NetName=NetJ73_2 Pin=J76-1
Added Pin To Net: NetName=NetJ73_2 Pin=U11-13
Added Net: Name=NetJ73_2
Added Pin To Net: NetName=NetJ74_2 Pin=J74-2
Added Pin To Net: NetName=NetJ74_2 Pin=J76-2
Added Pin To Net: NetName=NetJ74_2 Pin=TP22-0
Added Net: Name=NetJ74_2
Added Pin To Net: NetName=NetJ78_1 Pin=J78-1
Added Pin To Net: NetName=NetJ78_1 Pin=J81-1
Added Pin To Net: NetName=NetJ78_1 Pin=U11-12
Added Net: Name=NetJ78_1
Added Pin To Net: NetName=NetJ79_1 Pin=J79-1
Added Pin To Net: NetName=NetJ79_1 Pin=J87-1
Added Pin To Net: NetName=NetJ79_1 Pin=J91-2
Added Pin To Net: NetName=NetJ79_1 Pin=U11-8
Added Net: Name=NetJ79_1
Added Pin To Net: NetName=NetJ79_2 Pin=J79-2
Added Pin To Net: NetName=NetJ79_2 Pin=J85-2
Added Pin To Net: NetName=NetJ79_2 Pin=J86-1
Added Pin To Net: NetName=NetJ79_2 Pin=U11-9
Added Net: Name=NetJ79_2
Added Pin To Net: NetName=NetJ84_2 Pin=J84-2
Added Pin To Net: NetName=NetJ84_2 Pin=J86-2
Added Pin To Net: NetName=NetJ84_2 Pin=TP25-0
Added Net: Name=NetJ84_2
Added Pin To Net: NetName=NetJ87_2 Pin=J87-2
Added Pin To Net: NetName=NetJ87_2 Pin=J92-2
Added Pin To Net: NetName=NetJ87_2 Pin=TP26-0
Added Net: Name=NetJ87_2
Added Pin To Net: NetName=NetJ88_1 Pin=J88-1
Added Pin To Net: NetName=NetJ88_1 Pin=J90-1
Added Pin To Net: NetName=NetJ88_1 Pin=U11-10
Added Net: Name=NetJ88_1
Added Member To Class: ClassName=VCO and Buffer Member=Component J26 CON-SMA
Added Member To Class: ClassName=VCO and Buffer Member=Component J27 CON-SMA
Added Member To Class: ClassName=VCO and Buffer Member=Component J28 GEN-PAD
Added Member To Class: ClassName=VCO and Buffer Member=Component J29 GEN-PAD
Added Member To Class: ClassName=OpAmp Member=Component J32 GEN-PAD
Added Member To Class: ClassName=OpAmp Member=Component J33 GEN-PAD
Added Member To Class: ClassName=OpAmp Member=Component J34 GEN-PAD
Added Member To Class: ClassName=OpAmp Member=Component J35 GEN-PAD
Added Member To Class: ClassName=Active/Passive PLL Filters Member=Component J50 GEN-PAD
Added Member To Class: ClassName=Active/Passive PLL Filters Member=Component J51 CON-SMA
Added Member To Class: ClassName=Active/Passive PLL Filters Member=Component J52 GEN-PAD
Added Member To Class: ClassName=Active/Passive PLL Filters Member=Component J53 GEN-PAD
Added Member To Class: ClassName=Active/Passive PLL Filters Member=Component J55 GEN-PAD
