Replace Part F1 FER in C:\Users\Nathan\Documents\School\2014-2015\2014 Fall\EE5100\Repositories\altium\projects\vco\vco.SchDoc with FER from EE.DbLib
Replace Part J16 GEN-PAD in C:\Users\Nathan\Documents\School\2014-2015\2014 Fall\EE5100\Repositories\altium\projects\vco\vco.SchDoc with GEN-PAD from EE.DbLib
Replace Part J17 GEN-PAD in C:\Users\Nathan\Documents\School\2014-2015\2014 Fall\EE5100\Repositories\altium\projects\vco\vco.SchDoc with GEN-PAD from EE.DbLib
Replace Part J18 GEN-PAD in C:\Users\Nathan\Documents\School\2014-2015\2014 Fall\EE5100\Repositories\altium\projects\vco\vco.SchDoc with GEN-PAD from EE.DbLib
Replace Part J19 GEN-PAD in C:\Users\Nathan\Documents\School\2014-2015\2014 Fall\EE5100\Repositories\altium\projects\vco\vco.SchDoc with GEN-PAD from EE.DbLib
Replace Part J21 GEN-PAD in C:\Users\Nathan\Documents\School\2014-2015\2014 Fall\EE5100\Repositories\altium\projects\vco\vco.SchDoc with GEN-PAD from EE.DbLib
Replace Part J22 GEN-PAD in C:\Users\Nathan\Documents\School\2014-2015\2014 Fall\EE5100\Repositories\altium\projects\vco\vco.SchDoc with GEN-PAD from EE.DbLib
Replace Part J24 GEN-PAD in C:\Users\Nathan\Documents\School\2014-2015\2014 Fall\EE5100\Repositories\altium\projects\vco\vco.SchDoc with GEN-PAD from EE.DbLib
Replace Part J25 GEN-PAD in C:\Users\Nathan\Documents\School\2014-2015\2014 Fall\EE5100\Repositories\altium\projects\vco\vco.SchDoc with GEN-PAD from EE.DbLib
Replace Part J26 CON-SMA in C:\Users\Nathan\Documents\School\2014-2015\2014 Fall\EE5100\Repositories\altium\projects\vco\vco.SchDoc with CON-SMA from EE.DbLib
Replace Part J29 CON-SMA in C:\Users\Nathan\Documents\School\2014-2015\2014 Fall\EE5100\Repositories\altium\projects\vco\vco.SchDoc with CON-SMA from EE.DbLib
Replace Part J30 GEN-PAD in C:\Users\Nathan\Documents\School\2014-2015\2014 Fall\EE5100\Repositories\altium\projects\vco\vco.SchDoc with GEN-PAD from EE.DbLib
Replace Part J31 GEN-PAD in C:\Users\Nathan\Documents\School\2014-2015\2014 Fall\EE5100\Repositories\altium\projects\vco\vco.SchDoc with GEN-PAD from EE.DbLib
Replace Part J34 GEN-PAD in C:\Users\Nathan\Documents\School\2014-2015\2014 Fall\EE5100\Repositories\altium\projects\vco\vco.SchDoc with GEN-PAD from EE.DbLib
Replace Part J35 GEN-PAD in C:\Users\Nathan\Documents\School\2014-2015\2014 Fall\EE5100\Repositories\altium\projects\vco\vco.SchDoc with GEN-PAD from EE.DbLib
Replace Part LPF1 LPF-LFCW-1062 in C:\Users\Nathan\Documents\School\2014-2015\2014 Fall\EE5100\Repositories\altium\projects\vco\vco.SchDoc with LPF-LFCW-1062 from EE.DbLib
Replace Part LPF2 LPF-LFCW-1062 in C:\Users\Nathan\Documents\School\2014-2015\2014 Fall\EE5100\Repositories\altium\projects\vco\vco.SchDoc with LPF-LFCW-1062 from EE.DbLib
Replace Part R18 RES-SPLIT-3 in C:\Users\Nathan\Documents\School\2014-2015\2014 Fall\EE5100\Repositories\altium\projects\vco\vco.SchDoc with RES-SPLIT-3 from EE.DbLib
Replace Part R19 RES in C:\Users\Nathan\Documents\School\2014-2015\2014 Fall\EE5100\Repositories\altium\projects\vco\vco.SchDoc with RES from EM.SVNDBLib
Replace Part R20 RES in C:\Users\Nathan\Documents\School\2014-2015\2014 Fall\EE5100\Repositories\altium\projects\vco\vco.SchDoc with RES from EM.SVNDBLib
Replace Part R21 RES in C:\Users\Nathan\Documents\School\2014-2015\2014 Fall\EE5100\Repositories\altium\projects\vco\vco.SchDoc with RES from EM.SVNDBLib
Replace Part R22 RES in C:\Users\Nathan\Documents\School\2014-2015\2014 Fall\EE5100\Repositories\altium\projects\vco\vco.SchDoc with RES from EM.SVNDBLib
Replace Part R23 RES in C:\Users\Nathan\Documents\School\2014-2015\2014 Fall\EE5100\Repositories\altium\projects\vco\vco.SchDoc with RES from EM.SVNDBLib
Replace Part R24 RES in C:\Users\Nathan\Documents\School\2014-2015\2014 Fall\EE5100\Repositories\altium\projects\vco\vco.SchDoc with RES from EM.SVNDBLib
Replace Part U7 NLB-310 in C:\Users\Nathan\Documents\School\2014-2015\2014 Fall\EE5100\Repositories\altium\projects\vco\vco.SchDoc with NLB-310 from EE.DbLib
Replace Part U8 NLB-310 in C:\Users\Nathan\Documents\School\2014-2015\2014 Fall\EE5100\Repositories\altium\projects\vco\vco.SchDoc with NLB-310 from EE.DbLib
