Removed Pin From Net: NetName=5V-VCO Pin=C25-1
Removed Pin From Net: NetName=FILTER-REG Pin=C27-1
Removed Pin From Net: NetName=NetC29_1 Pin=C29-1
Removed Pin From Net: NetName=NetC29_2 Pin=C29-2
Removed Pin From Net: NetName=GND Pin=C30-1
Removed Pin From Net: NetName=NetC30_2 Pin=C30-2
Removed Pin From Net: NetName=GND Pin=C31-1
Removed Pin From Net: NetName=NetC30_2 Pin=C31-2
Removed Pin From Net: NetName=NetC32_1 Pin=C32-1
Removed Pin From Net: NetName=NetC32_2 Pin=C32-2
Removed Pin From Net: NetName=20V Pin=C45-2
Removed Pin From Net: NetName=GND Pin=C46-2
Removed Pin From Net: NetName=GND Pin=C47-1
Removed Pin From Net: NetName=NetC47_2 Pin=C47-2
Removed Pin From Net: NetName=GND Pin=C48-1
Removed Pin From Net: NetName=GND Pin=C49-1
Removed Pin From Net: NetName=NetC30_2 Pin=F1-1
Removed Pin From Net: NetName=NetC10_2 Pin=J1-1
Removed Pin From Net: NetName=8V Pin=J1-2
Removed Pin From Net: NetName=8V Pin=J2-1
Removed Pin From Net: NetName=GND Pin=J2-2
Removed Pin From Net: NetName=NetC10_2 Pin=J3-1
Removed Pin From Net: NetName=RF1 Pin=J4-1
Removed Pin From Net: NetName=NetC29_2 Pin=J4-2
Removed Pin From Net: NetName=RF1 Pin=J5-1
Removed Pin From Net: NetName=NetC29_2 Pin=J5-2
Removed Pin From Net: NetName=NetC29_2 Pin=J6-1
Removed Pin From Net: NetName=RF1 Pin=J7-1
Removed Pin From Net: NetName=RF2 Pin=J8-1
Removed Pin From Net: NetName=NetC32_2 Pin=J8-2
Removed Pin From Net: NetName=RF2 Pin=J9-1
Removed Pin From Net: NetName=NetC32_2 Pin=J9-2
Removed Pin From Net: NetName=NetC32_2 Pin=J10-1
Removed Pin From Net: NetName=RF2 Pin=J11-1
Removed Pin From Net: NetName=GND Pin=J12-2
Removed Pin From Net: NetName=GND Pin=J12-3
Removed Pin From Net: NetName=GND Pin=J12-4
Removed Pin From Net: NetName=GND Pin=J12-5
Removed Pin From Net: NetName=RF1OUT Pin=J13-1
Removed Pin From Net: NetName=NetC35_2 Pin=J13-2
Removed Pin From Net: NetName=RF1OUT Pin=J14-1
Removed Pin From Net: NetName=NetC35_2 Pin=J14-2
Removed Pin From Net: NetName=GND Pin=J15-2
Removed Pin From Net: NetName=GND Pin=J15-3
Removed Pin From Net: NetName=GND Pin=J15-4
Removed Pin From Net: NetName=GND Pin=J15-5
Removed Pin From Net: NetName=NetC35_2 Pin=J16-1
Removed Pin From Net: NetName=RF1OUT Pin=J17-1
Removed Pin From Net: NetName=RF2OUT Pin=J18-1
Removed Pin From Net: NetName=NetC38_2 Pin=J18-2
Removed Pin From Net: NetName=RF2OUT Pin=J19-1
Removed Pin From Net: NetName=NetC38_2 Pin=J19-2
Removed Pin From Net: NetName=NetC38_2 Pin=J20-1
Removed Pin From Net: NetName=GND Pin=J20-2
Removed Pin From Net: NetName=RF2OUT Pin=J21-1
Removed Pin From Net: NetName=PLL_CHG_PUMP Pin=J22-1
Removed Pin From Net: NetName=GND Pin=J22-3
Removed Pin From Net: NetName=GND Pin=J22-4
Removed Pin From Net: NetName=GND Pin=J22-5
Removed Pin From Net: NetName=NetC47_2 Pin=J23-1
Removed Pin From Net: NetName=NetC47_2 Pin=J24-1
Removed Pin From Net: NetName=NetC47_2 Pin=J25-1
Removed Pin From Net: NetName=GND Pin=J27-2
Removed Pin From Net: NetName=NetJ29_1 Pin=J29-1
Removed Pin From Net: NetName=NetJ29_1 Pin=J30-1
Removed Pin From Net: NetName=GND Pin=J32-1
Removed Pin From Net: NetName=NetJ29_1 Pin=J33-2
Removed Pin From Net: NetName=20V Pin=L6-2
Removed Pin From Net: NetName=NetR16_1 Pin=R16-1
Removed Pin From Net: NetName=NetC29_1 Pin=R16-2
Removed Pin From Net: NetName=GND Pin=R30-1
Removed Pin From Net: NetName=LOOP_FILTER_OUT Pin=R30-2
Removed Pin From Net: NetName=OP-3V Pin=R34-2
Removed Pin From Net: NetName=OP-10V Pin=R35-2
Removed Pin From Net: NetName=20V Pin=R36-1
Removed Pin From Net: NetName=GND Pin=R36-3
Removed Pin From Net: NetName=NetC47_2 Pin=R38-2
Removed Pin From Net: NetName=NetC47_2 Pin=R39-1
Removed Pin From Net: NetName=LOOP_FILTER_OUT Pin=R40-2
Removed Pin From Net: NetName=NetC47_2 Pin=R41-2
Removed Pin From Net: NetName=PLL_CHG_PUMP Pin=R42-1
Removed Pin From Net: NetName=OP_OUT Pin=R43-2
Removed Pin From Net: NetName=GND Pin=U6-0
Removed Pin From Net: NetName=GND Pin=U6-1
Removed Pin From Net: NetName=GND Pin=U6-2
Removed Pin From Net: NetName=GND Pin=U6-3
Removed Pin From Net: NetName=VTUNE Pin=U6-4
Removed Pin From Net: NetName=GND Pin=U6-5
Removed Pin From Net: NetName=GND Pin=U6-6
Removed Pin From Net: NetName=GND Pin=U6-7
Removed Pin From Net: NetName=GND Pin=U6-8
Removed Pin From Net: NetName=GND Pin=U6-9
Removed Pin From Net: NetName=GND Pin=U6-10
Removed Pin From Net: NetName=GND Pin=U6-11
Removed Pin From Net: NetName=NetC30_2 Pin=U6-12
Removed Pin From Net: NetName=GND Pin=U6-13
Removed Pin From Net: NetName=GND Pin=U6-14
Removed Pin From Net: NetName=NetR17_1 Pin=U6-15
Removed Pin From Net: NetName=GND Pin=U6-16
Removed Pin From Net: NetName=GND Pin=U6-17
Removed Pin From Net: NetName=GND Pin=U6-18
Removed Pin From Net: NetName=GND Pin=U6-19
Removed Pin From Net: NetName=GND Pin=U6-20
Removed Pin From Net: NetName=GND Pin=U6-21
Removed Pin From Net: NetName=GND Pin=U6-22
Removed Pin From Net: NetName=GND Pin=U6-23
Removed Pin From Net: NetName=GND Pin=U6-24
Removed Pin From Net: NetName=NetR34_1 Pin=U10-1
Removed Pin From Net: NetName=NetR34_1 Pin=U10-2
Removed Pin From Net: NetName=NetR37_2 Pin=U10-5
Removed Pin From Net: NetName=NetJ29_1 Pin=U11-1
Removed Pin From Net: NetName=5V-FILTER Pin=U11-3
Removed Pin From Net: NetName=FILT-IN Pin=U11-4
Removed Pin From Net: NetName=GND Pin=U11-11
Removed Member From Class: ClassName=OpAmp Member=C45
Removed Member From Class: ClassName=OpAmp Member=C46
Removed Member From Class: ClassName=VCO and Buffer Member=J6
Removed Member From Class: ClassName=VCO and Buffer Member=J7
Removed Member From Class: ClassName=VCO and Buffer Member=J8
Removed Member From Class: ClassName=VCO and Buffer Member=J9
Removed Member From Class: ClassName=VCO and Buffer Member=J10
Removed Member From Class: ClassName=VCO and Buffer Member=J11
Removed Member From Class: ClassName=VCO and Buffer Member=J13
Removed Member From Class: ClassName=OpAmp Member=L6
Removed Member From Class: ClassName=Active/Passive PLL Filters Member=R29
Removed Member From Class: ClassName=OpAmp Member=R39
Change Component DesignItemId : Designator=J12 Old DesignItemId=COAX-F New DesignItemId=EE-GEN-00001
Change Component DesignItemId : Designator=J22 Old DesignItemId=COAX-F New DesignItemId=EE-GEN-00001
Change Component DesignItemId : Designator=J15 Old DesignItemId=COAX-F New DesignItemId=EE-GEN-00002
Change Component DesignItemId : Designator=C46 Old DesignItemId=EE-CAP-00002 New DesignItemId=EE-CAP-00006
Change Component DesignItemId : Designator=C45 Old DesignItemId=EE-CAP-00002 New DesignItemId=EE-CAP-00007
Change Component DesignItemId : Designator=C39 Old DesignItemId=EE-CAP-00002 New DesignItemId=EE-CAP-00013
Change Component DesignItemId : Designator=C40 Old DesignItemId=EE-CAP-00002 New DesignItemId=EE-CAP-00013
Change Component DesignItemId : Designator=C41 Old DesignItemId=EE-CAP-00002 New DesignItemId=EE-CAP-00013
Change Component DesignItemId : Designator=C44 Old DesignItemId=EE-CAP-00002 New DesignItemId=EE-CAP-00013
Change Component DesignItemId : Designator=C42 Old DesignItemId=EE-CAP-00011 New DesignItemId=EE-CAP-00012
Change Component DesignItemId : Designator=C43 Old DesignItemId=EE-CAP-00011 New DesignItemId=EE-CAP-00012
Change Component DesignItemId : Designator=J14 Old DesignItemId=EE-GEN-00001 New DesignItemId=EE-GEN-00002
Change Component DesignItemId : Designator=J16 Old DesignItemId=EE-GEN-00001 New DesignItemId=EE-GEN-00002
Change Component DesignItemId : Designator=J17 Old DesignItemId=EE-GEN-00001 New DesignItemId=EE-GEN-00002
Change Component DesignItemId : Designator=J20 Old DesignItemId=EE-GEN-00001 New DesignItemId=EE-GEN-00002
Change Component DesignItemId : Designator=J24 Old DesignItemId=EE-GEN-00001 New DesignItemId=EE-GEN-00002
Change Component DesignItemId : Designator=J28 Old DesignItemId=EE-GEN-00001 New DesignItemId=EE-GEN-00002
Change Component DesignItemId : Designator=J30 Old DesignItemId=EE-GEN-00001 New DesignItemId=EE-GEN-00002
Change Component DesignItemId : Designator=J31 Old DesignItemId=EE-GEN-00001 New DesignItemId=EE-GEN-00002
Change Component DesignItemId : Designator=J32 Old DesignItemId=EE-GEN-00001 New DesignItemId=EE-GEN-00002
Change Component DesignItemId : Designator=J33 Old DesignItemId=EE-GEN-00001 New DesignItemId=EE-GEN-00002
Change Component DesignItemId : Designator=J34 Old DesignItemId=EE-GEN-00001 New DesignItemId=EE-GEN-00002
Change Component DesignItemId : Designator=L5 Old DesignItemId=EE-L-00004 New DesignItemId=EE-L-00006
Change Component DesignItemId : Designator=R36 Old DesignItemId=EE-POT-00003 New DesignItemId=EM-RES-01617
Change Component DesignItemId : Designator=C33 Old DesignItemId=EM-CAP-00006 New DesignItemId=EE-CAP-00003
Change Component DesignItemId : Designator=C34 Old DesignItemId=EM-CAP-00006 New DesignItemId=EE-CAP-00003
Change Component DesignItemId : Designator=C36 Old DesignItemId=EM-CAP-00006 New DesignItemId=EE-CAP-00003
Change Component DesignItemId : Designator=C37 Old DesignItemId=EM-CAP-00006 New DesignItemId=EE-CAP-00003
Change Component DesignItemId : Designator=D11 Old DesignItemId=EM-DIODE-00010 New DesignItemId=EE-DIODE-00002
Change Component DesignItemId : Designator=D13 Old DesignItemId=EM-DIODE-00010 New DesignItemId=EE-DIODE-00002
Change Component DesignItemId : Designator=R35 Old DesignItemId=EM-RES-01617 New DesignItemId=EE-POT-00003
Change Component DesignItemId : Designator=U1 Old DesignItemId=SOT-223 New DesignItemId=EE-VREG-00004
Change Component DesignItemId : Designator=U3 Old DesignItemId=SOT-223 New DesignItemId=EE-VREG-00004
Change Component Footprint: Designator=C42 Old Footprint=0402-0.55mm New Footprint=C0805-1.25MM
Change Component Footprint: Designator=C43 Old Footprint=0402-0.55mm New Footprint=C0805-1.25MM
Change Component Footprint: Designator=R35 Old Footprint=0805-0.45MM New Footprint=3310Y
Change Component Footprint: Designator=J14 Old Footprint=0805-DNP New Footprint=0402-DNP
Change Component Footprint: Designator=J16 Old Footprint=0805-DNP New Footprint=0402-DNP
Change Component Footprint: Designator=J17 Old Footprint=0805-DNP New Footprint=0402-DNP
Change Component Footprint: Designator=J20 Old Footprint=0805-DNP New Footprint=0402-DNP
Change Component Footprint: Designator=J24 Old Footprint=0805-DNP New Footprint=0402-DNP
Change Component Footprint: Designator=J28 Old Footprint=0805-DNP New Footprint=0402-DNP
Change Component Footprint: Designator=J30 Old Footprint=0805-DNP New Footprint=0402-DNP
Change Component Footprint: Designator=J31 Old Footprint=0805-DNP New Footprint=0402-DNP
Change Component Footprint: Designator=J32 Old Footprint=0805-DNP New Footprint=0402-DNP
Change Component Footprint: Designator=J33 Old Footprint=0805-DNP New Footprint=0402-DNP
Change Component Footprint: Designator=J34 Old Footprint=0805-DNP New Footprint=0402-DNP
Change Component Footprint: Designator=R36 Old Footprint=3310Y New Footprint=0805-0.45MM
Change Component Footprint: Designator=C33 Old Footprint=C0805-1.25MM New Footprint=0402-0.55mm
Change Component Footprint: Designator=C34 Old Footprint=C0805-1.25MM New Footprint=0402-0.55mm
Change Component Footprint: Designator=C36 Old Footprint=C0805-1.25MM New Footprint=0402-0.55mm
Change Component Footprint: Designator=C37 Old Footprint=C0805-1.25MM New Footprint=0402-0.55mm
Change Component Footprint: Designator=C45 Old Footprint=C0805-1.25MM New Footprint=0402-0.55mm
Change Component Footprint: Designator=C46 Old Footprint=C0805-1.25MM New Footprint=0805-1.35MM
Change Component Footprint: Designator=C39 Old Footprint=C0805-1.25MM New Footprint=C1210-2.5mm
Change Component Footprint: Designator=C40 Old Footprint=C0805-1.25MM New Footprint=C1210-2.5mm
Change Component Footprint: Designator=C41 Old Footprint=C0805-1.25MM New Footprint=C1210-2.5mm
Change Component Footprint: Designator=C44 Old Footprint=C0805-1.25MM New Footprint=C1210-2.5mm
Change Component Footprint: Designator=L5 Old Footprint=L1008-1.0mm New Footprint=L1210
Change Component Footprint: Designator=J15 Old Footprint=MCX5.08-H5 New Footprint=0402-DNP
Change Component Footprint: Designator=J12 Old Footprint=MCX5.08-H5 New Footprint=0805-DNP
Change Component Footprint: Designator=J22 Old Footprint=MCX5.08-H5 New Footprint=0805-DNP
Change Component Footprint: Designator=D11 Old Footprint=SOD-87B New Footprint=SOD-123f
Change Component Footprint: Designator=D13 Old Footprint=SOD-87B New Footprint=SOD-123f
Change Component Footprint: Designator=U1 Old Footprint=SOT-223 New Footprint=TO-263-4
Change Component Footprint: Designator=U3 Old Footprint=SOT-223 New Footprint=TO-263-4
Change Component Comment : Designator=R35 Old Comment=0 New Comment=100k
Change Component Comment : Designator=C46 Old Comment=10µF New Comment=0.39µF
Change Component Comment : Designator=C45 Old Comment=10µF New Comment=56pF
Change Component Comment : Designator=R36 Old Comment=100k New Comment=0
Change Component Comment : Designator=C33 Old Comment=100nF New Comment=2.2µF
Change Component Comment : Designator=C34 Old Comment=100nF New Comment=2.2µF
Change Component Comment : Designator=C36 Old Comment=100nF New Comment=2.2µF
Change Component Comment : Designator=C37 Old Comment=100nF New Comment=2.2µF
Change Component Comment : Designator=D11 Old Comment=CD1408-FU1800 New Comment=SCHOTTKY
Change Component Comment : Designator=D13 Old Comment=CD1408-FU1800 New Comment=SCHOTTKY
Change Component Comment : Designator=J12 Old Comment=COAX-F New Comment=GEN-PAD
Change Component Comment : Designator=J15 Old Comment=COAX-F New Comment=GEN-PAD
Change Component Comment : Designator=J22 Old Comment=COAX-F New Comment=GEN-PAD
Change Component Comment : Designator=U1 Old Comment=LM317EMPX/NOPB New Comment=LM317KTTR
Change Component Comment : Designator=U3 Old Comment=LM317EMPX/NOPB New Comment=LM317KTTR
Change Component Designator: OldDesignator=C45 NewDesignator=C46
Change Component Designator: OldDesignator=C46 NewDesignator=C47
Change Component Designator: OldDesignator=C50 NewDesignator=C48
Change Component Designator: OldDesignator=C51 NewDesignator=C49
Change Component Designator: OldDesignator=C52 NewDesignator=C50
Change Component Designator: OldDesignator=J26 NewDesignator=J59
Change Component Designator: OldDesignator=J29 NewDesignator=J62
Added Component: Designator=C29(0402-0.55mm)
Added Component: Designator=C30(0402-0.55mm)
Added Component: Designator=C31(0402-0.55mm)
Added Component: Designator=C32(0402-0.55mm)
Added Component: Designator=C45(C0603-0.8MM)
Added Component: Designator=J26(MCX5.08-H5)
Added Component: Designator=J29(MCX5.08-H5)
Added Component: Designator=J35(0402-DNP)
Added Component: Designator=J36(0805-DNP)
Added Component: Designator=J37(0805-DNP)
Added Component: Designator=J38(0805-DNP)
Added Component: Designator=J39(0805-DNP)
Added Component: Designator=J40(0805-DNP)
Added Component: Designator=J41(0805-DNP)
Added Component: Designator=J42(0805-DNP)
Added Component: Designator=J43(0805-DNP)
Added Component: Designator=J44(0805-DNP)
Added Component: Designator=J45(0805-DNP)
Added Component: Designator=J46(0805-DNP)
Added Component: Designator=J47(0805-DNP)
Added Component: Designator=J48(0805-DNP)
Added Component: Designator=J49(0805-DNP)
Added Component: Designator=J50(0805-DNP)
Added Component: Designator=J51(0805-DNP)
Added Component: Designator=J52(0805-DNP)
Added Component: Designator=J53(0805-DNP)
Added Component: Designator=J54(0805-DNP)
Added Component: Designator=J55(0402-DNP)
Added Component: Designator=J56(MCX5.08-H5)
Added Component: Designator=J57(0805-DNP)
Added Component: Designator=J58(0402-DNP)
Added Component: Designator=J60(0402-DNP)
Added Component: Designator=J61(0805-DNP)
Added Component: Designator=J63(0805-DNP)
Added Component: Designator=J64(0805-DNP)
Added Component: Designator=J65(0805-DNP)
Added Component: Designator=J66(0805-DNP)
Added Component: Designator=J67(0805-DNP)
Added Component: Designator=J68(0805-DNP)
Added Component: Designator=J69(0805-DNP)
Added Component: Designator=J70(0805-DNP)
Added Component: Designator=J71(0805-DNP)
Added Component: Designator=J72(0805-DNP)
Added Component: Designator=J73(0805-DNP)
Added Component: Designator=J74(0805-DNP)
Added Component: Designator=J75(0805-DNP)
Added Component: Designator=J76(0805-DNP)
Added Component: Designator=J77(0805-DNP)
Added Component: Designator=J78(0805-DNP)
Added Component: Designator=J79(0805-DNP)
Added Component: Designator=J80(0805-DNP)
Added Component: Designator=J81(0805-DNP)
Added Component: Designator=J82(0805-DNP)
Added Component: Designator=J83(0805-DNP)
Added Component: Designator=J84(0805-DNP)
Added Component: Designator=J85(0805-DNP)
Added Component: Designator=J86(0805-DNP)
Added Component: Designator=J87(0805-DNP)
Added Component: Designator=J88(0805-DNP)
Added Component: Designator=J89(0805-DNP)
Added Component: Designator=J90(0805-DNP)
Added Component: Designator=J91(0805-DNP)
Added Component: Designator=J92(0805-DNP)
Added Component: Designator=J93(0805-DNP)
Added Component: Designator=J94(0805-DNP)
Added Component: Designator=J95(0805-DNP)
Added Component: Designator=J96(0805-DNP)
Added Component: Designator=J97(0805-DNP)
Added Component: Designator=R16(0402-0.55mm)
Added Component: Designator=R30(0805-0.45MM)
Added Component: Designator=R40(0805-0.45MM)
Added Component: Designator=R41(0805-0.45MM)
Added Component: Designator=R42(0805-0.45MM)
Added Component: Designator=R43(0805-0.45MM)
Added Component: Designator=TP1(TP-LOOP)
Added Component: Designator=TP2(TP-LOOP)
Added Component: Designator=TP3(TP-LOOP)
Added Component: Designator=TP4(TP-LOOP)
Added Component: Designator=TP5(TP-LOOP)
Added Component: Designator=TP6(TP-LOOP)
Added Component: Designator=TP7(TP-LOOP)
Added Component: Designator=TP8(TP-LOOP)
Added Component: Designator=TP9(TP-LOOP)
Added Component: Designator=TP10(TP-LOOP)
Added Component: Designator=TP11(TP-LOOP)
Added Component: Designator=TP12(TP-LOOP)
Added Component: Designator=TP13(TP-LOOP)
Added Component: Designator=TP14(TP-LOOP)
Added Component: Designator=TP15(TP-LOOP)
Added Component: Designator=TP16(TP-LOOP)
Added Component: Designator=TP17(TP-LOOP)
Added Component: Designator=TP18(TP-LOOP)
Added Component: Designator=TP19(TP-LOOP)
Added Component: Designator=TP20(TP-LOOP)
Added Component: Designator=TP21(TP-LOOP)
Added Component: Designator=TP22(TP-LOOP)
Added Component: Designator=TP23(TP-LOOP)
Added Component: Designator=TP24(TP-LOOP)
Added Component: Designator=TP25(TP-LOOP)
Added Component: Designator=TP26(TP-LOOP)
Added Component: Designator=TP27(TP-LOOP)
Added Component: Designator=U6(QFN-24-(4x4))
Added Component: Designator=U11(TSSOP14)
Added Pin To Net: NetName=FILTER-REG Pin=C25-1
Added Pin To Net: NetName=5V-VCO Pin=C27-1
Added Pin To Net: NetName=NetC29_1 Pin=C29-1
Added Pin To Net: NetName=NetC29_2 Pin=C29-2
Added Pin To Net: NetName=GND Pin=C30-1
Added Pin To Net: NetName=NetC30_2 Pin=C30-2
Added Pin To Net: NetName=GND Pin=C31-1
Added Pin To Net: NetName=NetC30_2 Pin=C31-2
Added Pin To Net: NetName=NetC32_1 Pin=C32-1
Added Pin To Net: NetName=NetC32_2 Pin=C32-2
Added Pin To Net: NetName=GND Pin=C45-1
Added Pin To Net: NetName=GND Pin=C47-1
Added Pin To Net: NetName=NetC47_2 Pin=C47-2
Added Pin To Net: NetName=NetC1_2 Pin=J1-2
Added Pin To Net: NetName=VIN Pin=J2-1
Added Pin To Net: NetName=NetC1_2 Pin=J3-1
Added Pin To Net: NetName=VIN Pin=J4-1
Added Pin To Net: NetName=GND Pin=J4-2
Added Pin To Net: NetName=NetC10_2 Pin=J5-1
Added Pin To Net: NetName=8V Pin=J5-2
Added Pin To Net: NetName=8V Pin=J6-1
Added Pin To Net: NetName=NetC10_2 Pin=J7-1
Added Pin To Net: NetName=TS-REG Pin=J8-1
Added Pin To Net: NetName=VCO-REG Pin=J9-1
Added Pin To Net: NetName=FILTER-REG Pin=J12-1
Added Pin To Net: NetName=GND Pin=J13-2
Added Pin To Net: NetName=NetC29_2 Pin=J14-1
Added Pin To Net: NetName=RF1 Pin=J14-2
Added Pin To Net: NetName=NetC29_2 Pin=J15-1
Added Pin To Net: NetName=RF1 Pin=J15-2
Added Pin To Net: NetName=NetC29_2 Pin=J16-1
Added Pin To Net: NetName=RF1 Pin=J17-1
Added Pin To Net: NetName=NetC30_2 Pin=J18-1
Added Pin To Net: NetName=NetC30_2 Pin=J19-1
Added Pin To Net: NetName=NetC32_2 Pin=J20-1
Added Pin To Net: NetName=RF2 Pin=J20-2
Added Pin To Net: NetName=NetC30_2 Pin=J22-1
Added Pin To Net: NetName=NetC32_2 Pin=J23-1
Added Pin To Net: NetName=RF2 Pin=J23-2
Added Pin To Net: NetName=NetC32_2 Pin=J24-1
Added Pin To Net: NetName=RF2 Pin=J25-1
Added Pin To Net: NetName=GND Pin=J26-2
Added Pin To Net: NetName=GND Pin=J26-3
Added Pin To Net: NetName=GND Pin=J26-4
Added Pin To Net: NetName=GND Pin=J26-5
Added Pin To Net: NetName=RF1OUT Pin=J27-1
Added Pin To Net: NetName=NetC35_2 Pin=J27-2
Added Pin To Net: NetName=RF1OUT Pin=J28-1
Added Pin To Net: NetName=NetC35_2 Pin=J28-2
Added Pin To Net: NetName=NetJ29_1 Pin=J29-1
Added Pin To Net: NetName=GND Pin=J29-2
Added Pin To Net: NetName=GND Pin=J29-3
Added Pin To Net: NetName=GND Pin=J29-4
Added Pin To Net: NetName=GND Pin=J29-5
Added Pin To Net: NetName=NetC35_2 Pin=J30-1
Added Pin To Net: NetName=GND Pin=J30-2
Added Pin To Net: NetName=RF1OUT Pin=J31-1
Added Pin To Net: NetName=GND Pin=J31-2
Added Pin To Net: NetName=RF2OUT Pin=J32-1
Added Pin To Net: NetName=NetC38_2 Pin=J32-2
Added Pin To Net: NetName=RF2OUT Pin=J33-1
Added Pin To Net: NetName=NetC38_2 Pin=J33-2
Added Pin To Net: NetName=NetC38_2 Pin=J34-1
Added Pin To Net: NetName=RF2OUT Pin=J35-1
Added Pin To Net: NetName=GND Pin=J35-2
Added Pin To Net: NetName=GND Pin=J37-1
Added Pin To Net: NetName=GND Pin=J38-1
Added Pin To Net: NetName=GND Pin=J42-1
Added Pin To Net: NetName=GND Pin=J43-1
Added Pin To Net: NetName=GND Pin=J44-2
Added Pin To Net: NetName=GND Pin=J45-1
Added Pin To Net: NetName=NetR25_2 Pin=J46-1
Added Pin To Net: NetName=GND Pin=J46-2
Added Pin To Net: NetName=NetR25_2 Pin=J47-1
Added Pin To Net: NetName=GND Pin=J47-2
Added Pin To Net: NetName=LOOP_FILTER_OUT Pin=J48-1
Added Pin To Net: NetName=GND Pin=J49-2
Added Pin To Net: NetName=GND Pin=J50-1
Added Pin To Net: NetName=20V Pin=J50-2
Added Pin To Net: NetName=20V Pin=J51-1
Added Pin To Net: NetName=GND Pin=J51-2
Added Pin To Net: NetName=OP-10V Pin=J52-1
Added Pin To Net: NetName=GND Pin=J52-2
Added Pin To Net: NetName=20V Pin=J53-1
Added Pin To Net: NetName=GND Pin=J53-2
Added Pin To Net: NetName=OP-3V Pin=J54-1
Added Pin To Net: NetName=GND Pin=J54-2
Added Pin To Net: NetName=PLL_CHG_PUMP Pin=J56-1
Added Pin To Net: NetName=GND Pin=J56-2
Added Pin To Net: NetName=GND Pin=J56-3
Added Pin To Net: NetName=GND Pin=J56-4
Added Pin To Net: NetName=GND Pin=J56-5
Added Pin To Net: NetName=GND Pin=J57-2
Added Pin To Net: NetName=GND Pin=J58-2
Added Pin To Net: NetName=NetC47_2 Pin=J60-1
Added Pin To Net: NetName=GND Pin=J60-2
Added Pin To Net: NetName=GND Pin=J64-2
Added Pin To Net: NetName=GND Pin=J67-1
Added Pin To Net: NetName=GND Pin=J68-1
Added Pin To Net: NetName=GND Pin=J73-2
Added Pin To Net: NetName=GND Pin=J74-2
Added Pin To Net: NetName=GND Pin=J75-2
Added Pin To Net: NetName=GND Pin=J76-1
Added Pin To Net: NetName=GND Pin=J77-1
Added Pin To Net: NetName=GND Pin=J79-1
Added Pin To Net: NetName=GND Pin=J80-1
Added Pin To Net: NetName=GND Pin=J85-2
Added Pin To Net: NetName=GND Pin=J86-2
Added Pin To Net: NetName=GND Pin=J87-1
Added Pin To Net: NetName=GND Pin=J88-1
Added Pin To Net: NetName=GND Pin=J89-1
Added Pin To Net: NetName=GND Pin=J90-1
Added Pin To Net: NetName=GND Pin=J94-2
Added Pin To Net: NetName=GND Pin=J95-2
Added Pin To Net: NetName=GND Pin=J96-1
Added Pin To Net: NetName=GND Pin=J97-1
Added Pin To Net: NetName=NetR16_1 Pin=R16-1
Added Pin To Net: NetName=NetC29_1 Pin=R16-2
Added Pin To Net: NetName=GND Pin=R30-1
Added Pin To Net: NetName=LOOP_FILTER_OUT Pin=R30-2
Added Pin To Net: NetName=OP-10V Pin=R34-2
Added Pin To Net: NetName=20V Pin=R35-1
Added Pin To Net: NetName=GND Pin=R35-3
Added Pin To Net: NetName=OP-3V Pin=R36-2
Added Pin To Net: NetName=LOOP_FILTER_OUT Pin=R40-2
Added Pin To Net: NetName=NetC47_2 Pin=R41-1
Added Pin To Net: NetName=PLL_CHG_PUMP Pin=R42-1
Added Pin To Net: NetName=OP_OUT Pin=R43-2
Added Pin To Net: NetName=VIN Pin=TP1-0
Added Pin To Net: NetName=20V Pin=TP2-0
Added Pin To Net: NetName=GND Pin=TP3-0
Added Pin To Net: NetName=GND Pin=TP4-0
Added Pin To Net: NetName=GND Pin=TP5-0
Added Pin To Net: NetName=GND Pin=TP6-0
Added Pin To Net: NetName=NetC14_2 Pin=TP7-0
Added Pin To Net: NetName=5V-TS Pin=TP8-0
Added Pin To Net: NetName=5V-VCO Pin=TP9-0
Added Pin To Net: NetName=5V-FILTER Pin=TP10-0
Added Pin To Net: NetName=VTUNE Pin=TP14-0
Added Pin To Net: NetName=NetR34_1 Pin=TP15-0
Added Pin To Net: NetName=5V-FILTER Pin=TP17-0
Added Pin To Net: NetName=GND Pin=TP21-0
Added Pin To Net: NetName=GND Pin=U6-0
Added Pin To Net: NetName=GND Pin=U6-1
Added Pin To Net: NetName=GND Pin=U6-2
Added Pin To Net: NetName=GND Pin=U6-3
Added Pin To Net: NetName=VTUNE Pin=U6-4
Added Pin To Net: NetName=GND Pin=U6-5
Added Pin To Net: NetName=GND Pin=U6-6
Added Pin To Net: NetName=GND Pin=U6-7
Added Pin To Net: NetName=GND Pin=U6-8
Added Pin To Net: NetName=GND Pin=U6-9
Added Pin To Net: NetName=GND Pin=U6-10
Added Pin To Net: NetName=GND Pin=U6-11
Added Pin To Net: NetName=NetC30_2 Pin=U6-12
Added Pin To Net: NetName=GND Pin=U6-13
Added Pin To Net: NetName=GND Pin=U6-14
Added Pin To Net: NetName=NetR17_1 Pin=U6-15
Added Pin To Net: NetName=GND Pin=U6-16
Added Pin To Net: NetName=GND Pin=U6-17
Added Pin To Net: NetName=GND Pin=U6-18
Added Pin To Net: NetName=GND Pin=U6-19
Added Pin To Net: NetName=GND Pin=U6-20
Added Pin To Net: NetName=GND Pin=U6-21
Added Pin To Net: NetName=GND Pin=U6-22
Added Pin To Net: NetName=GND Pin=U6-23
Added Pin To Net: NetName=GND Pin=U6-24
Added Pin To Net: NetName=NetR37_2 Pin=U10-3
Added Pin To Net: NetName=NetR34_1 Pin=U10-6
Added Pin To Net: NetName=NetR34_1 Pin=U10-7
Added Pin To Net: NetName=20V Pin=U10-8
Added Pin To Net: NetName=5V-FILTER Pin=U11-3
Added Pin To Net: NetName=FILT-IN Pin=U11-4
Added Pin To Net: NetName=GND Pin=U11-11
Change Net Name : Old Net Name=NetR25_2 New Net Name=NetJ46_1
Added Pin To Net: NetName=NetC45_2 Pin=C45-2
Added Pin To Net: NetName=NetC45_2 Pin=J55-1
Added Pin To Net: NetName=NetC45_2 Pin=J57-1
Added Pin To Net: NetName=NetC45_2 Pin=J58-1
Added Pin To Net: NetName=NetC45_2 Pin=R38-2
Added Pin To Net: NetName=NetC45_2 Pin=R39-1
Added Pin To Net: NetName=NetC45_2 Pin=R41-2
Added Net: Name=NetC45_2
Added Pin To Net: NetName=NetC46_2 Pin=C46-2
Added Pin To Net: NetName=NetC46_2 Pin=J55-2
Added Pin To Net: NetName=NetC46_2 Pin=J59-1
Added Pin To Net: NetName=NetC46_2 Pin=R39-2
Added Pin To Net: NetName=NetC46_2 Pin=R40-1
Added Net: Name=NetC46_2
Added Pin To Net: NetName=NetF1_1 Pin=F1-1
Added Pin To Net: NetName=NetF1_1 Pin=J18-2
Added Pin To Net: NetName=NetF1_1 Pin=J19-2
Added Pin To Net: NetName=NetF1_1 Pin=J21-1
Added Net: Name=NetF1_1
Added Pin To Net: NetName=NetJ1_1 Pin=J1-1
Added Pin To Net: NetName=NetJ1_1 Pin=J2-2
Added Net: Name=NetJ1_1
Added Pin To Net: NetName=NetJ8_2 Pin=J8-2
Added Pin To Net: NetName=NetJ8_2 Pin=J10-1
Added Net: Name=NetJ8_2
Added Pin To Net: NetName=NetJ9_2 Pin=J9-2
Added Pin To Net: NetName=NetJ9_2 Pin=J11-1
Added Net: Name=NetJ9_2
Added Pin To Net: NetName=NetJ12_2 Pin=J12-2
Added Pin To Net: NetName=NetJ12_2 Pin=J13-1
Added Net: Name=NetJ12_2
Added Pin To Net: NetName=NetJ26_1 Pin=J26-1
Added Net: Name=NetJ26_1
Added Pin To Net: NetName=NetJ36_1 Pin=J36-1
Added Pin To Net: NetName=NetJ36_1 Pin=J40-1
Added Pin To Net: NetName=NetJ36_1 Pin=J44-1
Added Pin To Net: NetName=NetJ36_1 Pin=U9-7
Added Net: Name=NetJ36_1
Added Pin To Net: NetName=NetJ36_2 Pin=J36-2
Added Pin To Net: NetName=NetJ36_2 Pin=J38-2
Added Pin To Net: NetName=NetJ36_2 Pin=J39-1
Added Pin To Net: NetName=NetJ36_2 Pin=U9-6
Added Net: Name=NetJ36_2
Added Pin To Net: NetName=NetJ37_2 Pin=J37-2
Added Pin To Net: NetName=NetJ37_2 Pin=J39-2
Added Pin To Net: NetName=NetJ37_2 Pin=TP11-0
Added Net: Name=NetJ37_2
Added Pin To Net: NetName=NetJ40_2 Pin=J40-2
Added Pin To Net: NetName=NetJ40_2 Pin=J45-2
Added Pin To Net: NetName=NetJ40_2 Pin=TP12-0
Added Net: Name=NetJ40_2
Added Pin To Net: NetName=NetJ41_1 Pin=J41-1
Added Pin To Net: NetName=NetJ41_1 Pin=J42-2
Added Pin To Net: NetName=NetJ41_1 Pin=TP13-0
Added Net: Name=NetJ41_1
Added Pin To Net: NetName=NetJ41_2 Pin=J41-2
Added Pin To Net: NetName=NetJ41_2 Pin=J43-2
Added Pin To Net: NetName=NetJ41_2 Pin=U9-5
Added Net: Name=NetJ41_2
Added Pin To Net: NetName=NetJ48_2 Pin=J48-2
Added Pin To Net: NetName=NetJ48_2 Pin=J49-1
Added Net: Name=NetJ48_2
Added Pin To Net: NetName=NetJ61_1 Pin=J61-1
Added Pin To Net: NetName=NetJ61_1 Pin=J62-2
Added Net: Name=NetJ61_1
Added Pin To Net: NetName=NetJ61_2 Pin=J61-2
Added Pin To Net: NetName=NetJ61_2 Pin=J63-2
Added Pin To Net: NetName=NetJ61_2 Pin=J65-2
Added Pin To Net: NetName=NetJ61_2 Pin=U11-2
Added Net: Name=NetJ61_2
Added Pin To Net: NetName=NetJ62_1 Pin=J62-1
Added Pin To Net: NetName=NetJ62_1 Pin=J63-1
Added Pin To Net: NetName=NetJ62_1 Pin=J69-2
Added Pin To Net: NetName=NetJ62_1 Pin=U11-1
Added Net: Name=NetJ62_1
Added Pin To Net: NetName=NetJ64_1 Pin=J64-1
Added Pin To Net: NetName=NetJ64_1 Pin=J65-1
Added Pin To Net: NetName=NetJ64_1 Pin=R42-2
Added Net: Name=NetJ64_1
Added Pin To Net: NetName=NetJ66_1 Pin=J66-1
Added Pin To Net: NetName=NetJ66_1 Pin=J71-1
Added Pin To Net: NetName=NetJ66_1 Pin=J76-2
Added Pin To Net: NetName=NetJ66_1 Pin=U11-7
Added Net: Name=NetJ66_1
Added Pin To Net: NetName=NetJ66_2 Pin=J66-2
Added Pin To Net: NetName=NetJ66_2 Pin=J68-2
Added Pin To Net: NetName=NetJ66_2 Pin=J70-1
Added Pin To Net: NetName=NetJ66_2 Pin=U11-6
Added Net: Name=NetJ66_2
Added Pin To Net: NetName=NetJ67_2 Pin=J67-2
Added Pin To Net: NetName=NetJ67_2 Pin=J70-2
Added Pin To Net: NetName=NetJ67_2 Pin=TP18-0
Added Net: Name=NetJ67_2
Added Pin To Net: NetName=NetJ69_1 Pin=J69-1
Added Pin To Net: NetName=NetJ69_1 Pin=J73-1
Added Pin To Net: NetName=NetJ69_1 Pin=R43-1
Added Net: Name=NetJ69_1
Added Pin To Net: NetName=NetJ71_2 Pin=J71-2
Added Pin To Net: NetName=NetJ71_2 Pin=J77-2
Added Pin To Net: NetName=NetJ71_2 Pin=TP19-0
Added Net: Name=NetJ71_2
Added Pin To Net: NetName=NetJ72_1 Pin=J72-1
Added Pin To Net: NetName=NetJ72_1 Pin=J75-1
Added Pin To Net: NetName=NetJ72_1 Pin=U11-5
Added Net: Name=NetJ72_1
Added Pin To Net: NetName=NetJ72_2 Pin=J72-2
Added Pin To Net: NetName=NetJ72_2 Pin=J74-1
Added Pin To Net: NetName=NetJ72_2 Pin=TP20-0
Added Net: Name=NetJ72_2
Added Pin To Net: NetName=NetJ78_1 Pin=J78-1
Added Pin To Net: NetName=NetJ78_1 Pin=J82-1
Added Pin To Net: NetName=NetJ78_1 Pin=J87-2
Added Pin To Net: NetName=NetJ78_1 Pin=U11-14
Added Net: Name=NetJ78_1
Added Pin To Net: NetName=NetJ78_2 Pin=J78-2
Added Pin To Net: NetName=NetJ78_2 Pin=J80-2
Added Pin To Net: NetName=NetJ78_2 Pin=J81-1
Added Pin To Net: NetName=NetJ78_2 Pin=U11-13
Added Net: Name=NetJ78_2
Added Pin To Net: NetName=NetJ79_2 Pin=J79-2
Added Pin To Net: NetName=NetJ79_2 Pin=J81-2
Added Pin To Net: NetName=NetJ79_2 Pin=TP22-0
Added Net: Name=NetJ79_2
Added Pin To Net: NetName=NetJ82_2 Pin=J82-2
Added Pin To Net: NetName=NetJ82_2 Pin=J88-2
Added Pin To Net: NetName=NetJ82_2 Pin=TP23-0
Added Net: Name=NetJ82_2
Added Pin To Net: NetName=NetJ83_1 Pin=J83-1
Added Pin To Net: NetName=NetJ83_1 Pin=J86-1
Added Pin To Net: NetName=NetJ83_1 Pin=U11-12
Added Net: Name=NetJ83_1
Added Pin To Net: NetName=NetJ83_2 Pin=J83-2
Added Pin To Net: NetName=NetJ83_2 Pin=J85-1
Added Pin To Net: NetName=NetJ83_2 Pin=TP24-0
Added Net: Name=NetJ83_2
Added Pin To Net: NetName=NetJ84_1 Pin=J84-1
Added Pin To Net: NetName=NetJ84_1 Pin=J92-1
Added Pin To Net: NetName=NetJ84_1 Pin=J96-2
Added Pin To Net: NetName=NetJ84_1 Pin=U11-8
Added Net: Name=NetJ84_1
Added Pin To Net: NetName=NetJ84_2 Pin=J84-2
Added Pin To Net: NetName=NetJ84_2 Pin=J90-2
Added Pin To Net: NetName=NetJ84_2 Pin=J91-1
Added Pin To Net: NetName=NetJ84_2 Pin=U11-9
Added Net: Name=NetJ84_2
Added Pin To Net: NetName=NetJ89_2 Pin=J89-2
Added Pin To Net: NetName=NetJ89_2 Pin=J91-2
Added Pin To Net: NetName=NetJ89_2 Pin=TP25-0
Added Net: Name=NetJ89_2
Added Pin To Net: NetName=NetJ92_2 Pin=J92-2
Added Pin To Net: NetName=NetJ92_2 Pin=J97-2
Added Pin To Net: NetName=NetJ92_2 Pin=TP26-0
Added Net: Name=NetJ92_2
Added Pin To Net: NetName=NetJ93_1 Pin=J93-1
Added Pin To Net: NetName=NetJ93_1 Pin=J95-1
Added Pin To Net: NetName=NetJ93_1 Pin=U11-10
Added Net: Name=NetJ93_1
Added Pin To Net: NetName=NetJ93_2 Pin=J93-2
Added Pin To Net: NetName=NetJ93_2 Pin=J94-1
Added Pin To Net: NetName=NetJ93_2 Pin=TP27-0
Added Net: Name=NetJ93_2
Added Pin To Net: NetName=NetR35_2 Pin=R35-2
Added Pin To Net: NetName=NetR35_2 Pin=U10-5
Added Net: Name=NetR35_2
Added Pin To Net: NetName=NetR36_1 Pin=R36-1
Added Pin To Net: NetName=NetR36_1 Pin=TP16-0
Added Pin To Net: NetName=NetR36_1 Pin=U10-1
Added Pin To Net: NetName=NetR36_1 Pin=U10-2
Added Net: Name=NetR36_1
Added Member To Class: ClassName=Voltage Regulators Member=Component J4 GEN-PAD
Added Member To Class: ClassName=Voltage Regulators Member=Component J5 GEN-PAD
Added Member To Class: ClassName=Voltage Regulators Member=Component J6 GEN-PAD
Added Member To Class: ClassName=Voltage Regulators Member=Component J7 GEN-PAD
Added Member To Class: ClassName=Voltage Regulators Member=Component J8 GEN-PAD
Added Member To Class: ClassName=Voltage Regulators Member=Component J9 GEN-PAD
Added Member To Class: ClassName=Voltage Regulators Member=Component J10 GEN-PAD
Added Member To Class: ClassName=Voltage Regulators Member=Component J11 GEN-PAD
Added Member To Class: ClassName=Voltage Regulators Member=Component J12 GEN-PAD
Added Member To Class: ClassName=Voltage Regulators Member=Component J13 GEN-PAD
Added Member To Class: ClassName=VCO and Buffer Member=Component J15 GEN-PAD
Added Member To Class: ClassName=VCO and Buffer Member=Component J22 GEN-PAD
Added Member To Class: ClassName=VCO and Buffer Member=Component J23 GEN-PAD
Added Member To Class: ClassName=VCO and Buffer Member=Component J24 GEN-PAD
Added Member To Class: ClassName=VCO and Buffer Member=Component J25 GEN-PAD
Added Member To Class: ClassName=VCO and Buffer Member=Component J27 GEN-PAD
Added Member To Class: ClassName=VCO and Buffer Member=Component J28 GEN-PAD
Added Member To Class: ClassName=VCO and Buffer Member=Component J30 GEN-PAD
Added Member To Class: ClassName=VCO and Buffer Member=Component J31 GEN-PAD
Added Member To Class: ClassName=VCO and Buffer Member=Component J32 GEN-PAD
Added Member To Class: ClassName=VCO and Buffer Member=Component J33 GEN-PAD
Added Member To Class: ClassName=VCO and Buffer Member=Component J34 GEN-PAD
Added Member To Class: ClassName=VCO and Buffer Member=Component J35 GEN-PAD
Added Member To Class: ClassName=OpAmp Member=Component J36 GEN-PAD
Added Member To Class: ClassName=OpAmp Member=Component J37 GEN-PAD
Added Member To Class: ClassName=OpAmp Member=Component J38 GEN-PAD
Added Member To Class: ClassName=OpAmp Member=Component J39 GEN-PAD
Added Member To Class: ClassName=OpAmp Member=Component J40 GEN-PAD
Added Member To Class: ClassName=OpAmp Member=Component J41 GEN-PAD
Added Member To Class: ClassName=OpAmp Member=Component J42 GEN-PAD
Added Member To Class: ClassName=OpAmp Member=Component J43 GEN-PAD
Added Member To Class: ClassName=OpAmp Member=Component J44 GEN-PAD
Added Member To Class: ClassName=OpAmp Member=Component J45 GEN-PAD
Added Member To Class: ClassName=OpAmp Member=Component J46 GEN-PAD
Added Member To Class: ClassName=OpAmp Member=Component J47 GEN-PAD
Added Member To Class: ClassName=OpAmp Member=Component J48 GEN-PAD
Added Member To Class: ClassName=OpAmp Member=Component J49 GEN-PAD
Added Member To Class: ClassName=OpAmp Member=Component J50 GEN-PAD
Added Member To Class: ClassName=OpAmp Member=Component J51 GEN-PAD
Added Member To Class: ClassName=OpAmp Member=Component J52 GEN-PAD
Added Member To Class: ClassName=OpAmp Member=Component J53 GEN-PAD
Added Member To Class: ClassName=OpAmp Member=Component J54 GEN-PAD
Added Member To Class: ClassName=Active/Passive PLL Filters Member=Component J66 GEN-PAD
Added Member To Class: ClassName=Active/Passive PLL Filters Member=Component J67 GEN-PAD
Added Member To Class: ClassName=Active/Passive PLL Filters Member=Component J68 GEN-PAD
Added Member To Class: ClassName=Active/Passive PLL Filters Member=Component J70 GEN-PAD
Added Member To Class: ClassName=Active/Passive PLL Filters Member=Component J71 GEN-PAD
Added Member To Class: ClassName=Active/Passive PLL Filters Member=Component J72 GEN-PAD
Added Member To Class: ClassName=Active/Passive PLL Filters Member=Component J74 GEN-PAD
Added Member To Class: ClassName=Active/Passive PLL Filters Member=Component J75 GEN-PAD
Added Member To Class: ClassName=Active/Passive PLL Filters Member=Component J76 GEN-PAD
Added Member To Class: ClassName=Active/Passive PLL Filters Member=Component J77 GEN-PAD
Added Member To Class: ClassName=Active/Passive PLL Filters Member=Component J78 GEN-PAD
Added Member To Class: ClassName=Active/Passive PLL Filters Member=Component J79 GEN-PAD
Added Member To Class: ClassName=Active/Passive PLL Filters Member=Component J80 GEN-PAD
Added Member To Class: ClassName=Active/Passive PLL Filters Member=Component J81 GEN-PAD
Added Member To Class: ClassName=Active/Passive PLL Filters Member=Component J82 GEN-PAD
Added Member To Class: ClassName=Active/Passive PLL Filters Member=Component J83 GEN-PAD
Added Member To Class: ClassName=Active/Passive PLL Filters Member=Component J84 GEN-PAD
Added Member To Class: ClassName=Active/Passive PLL Filters Member=Component J85 GEN-PAD
Added Member To Class: ClassName=Active/Passive PLL Filters Member=Component J86 GEN-PAD
Added Member To Class: ClassName=Active/Passive PLL Filters Member=Component J87 GEN-PAD
Added Member To Class: ClassName=Active/Passive PLL Filters Member=Component J88 GEN-PAD
Added Member To Class: ClassName=Active/Passive PLL Filters Member=Component J89 GEN-PAD
Added Member To Class: ClassName=Active/Passive PLL Filters Member=Component J90 GEN-PAD
Added Member To Class: ClassName=Active/Passive PLL Filters Member=Component J91 GEN-PAD
Added Member To Class: ClassName=Active/Passive PLL Filters Member=Component J92 GEN-PAD
Added Member To Class: ClassName=Active/Passive PLL Filters Member=Component J93 GEN-PAD
Added Member To Class: ClassName=Active/Passive PLL Filters Member=Component J94 GEN-PAD
Added Member To Class: ClassName=Active/Passive PLL Filters Member=Component J95 GEN-PAD
Added Member To Class: ClassName=Active/Passive PLL Filters Member=Component J96 GEN-PAD
Added Member To Class: ClassName=Active/Passive PLL Filters Member=Component J97 GEN-PAD
Added Member To Class: ClassName=OpAmp Member=Component R30 100k
Added Member To Class: ClassName=Active/Passive PLL Filters Member=Component R38 0
Added Member To Class: ClassName=Voltage Regulators Member=Component TP1 TP-LOOP
Added Member To Class: ClassName=Voltage Regulators Member=Component TP2 TP-LOOP
Added Member To Class: ClassName=Voltage Regulators Member=Component TP3 TP-LOOP
Added Member To Class: ClassName=Voltage Regulators Member=Component TP4 TP-LOOP
Added Member To Class: ClassName=Voltage Regulators Member=Component TP5 TP-LOOP
Added Member To Class: ClassName=Voltage Regulators Member=Component TP6 TP-LOOP
Added Member To Class: ClassName=Voltage Regulators Member=Component TP7 TP-LOOP
Added Member To Class: ClassName=Voltage Regulators Member=Component TP8 TP-LOOP
Added Member To Class: ClassName=Voltage Regulators Member=Component TP9 TP-LOOP
Added Member To Class: ClassName=Voltage Regulators Member=Component TP10 TP-LOOP
Added Member To Class: ClassName=OpAmp Member=Component TP11 TP-LOOP
Added Member To Class: ClassName=OpAmp Member=Component TP12 TP-LOOP
Added Member To Class: ClassName=OpAmp Member=Component TP13 TP-LOOP
Added Member To Class: ClassName=OpAmp Member=Component TP14 TP-LOOP
Added Member To Class: ClassName=OpAmp Member=Component TP15 TP-LOOP
Added Member To Class: ClassName=OpAmp Member=Component TP16 TP-LOOP
Added Member To Class: ClassName=Active/Passive PLL Filters Member=Component TP17 TP-LOOP
Added Member To Class: ClassName=Active/Passive PLL Filters Member=Component TP18 TP-LOOP
Added Member To Class: ClassName=Active/Passive PLL Filters Member=Component TP19 TP-LOOP
Added Member To Class: ClassName=Active/Passive PLL Filters Member=Component TP20 TP-LOOP
Added Member To Class: ClassName=Active/Passive PLL Filters Member=Component TP21 TP-LOOP
Added Member To Class: ClassName=Active/Passive PLL Filters Member=Component TP22 TP-LOOP
Added Member To Class: ClassName=Active/Passive PLL Filters Member=Component TP23 TP-LOOP
Added Member To Class: ClassName=Active/Passive PLL Filters Member=Component TP24 TP-LOOP
Added Member To Class: ClassName=Active/Passive PLL Filters Member=Component TP25 TP-LOOP
Added Member To Class: ClassName=Active/Passive PLL Filters Member=Component TP26 TP-LOOP
Added Member To Class: ClassName=Active/Passive PLL Filters Member=Component TP27 TP-LOOP
