Change Component Footprint: Designator=R18 Old Footprint=0402-0.55mm New Footprint=0402-SPLIT-3-0.55mm
Change Physical Footprint: Designator=2V5 Filter Old Footprint=TP-LOOP New Footprint=TP-LOOP
Change Physical Footprint: Designator=2V5 Filter Old Footprint=TP-LOOP New Footprint=TP-LOOP
Change Physical Footprint: Designator=5V-TS Old Footprint=TP-LOOP New Footprint=TP-LOOP
Change Physical Footprint: Designator=5V-VCO Old Footprint=TP-LOOP New Footprint=TP-LOOP
Change Physical Footprint: Designator=8V Old Footprint=TP-LOOP New Footprint=TP-LOOP
Change Physical Footprint: Designator=20V Old Footprint=TP-LOOP New Footprint=TP-LOOP
Change Physical Footprint: Designator=C1 Old Footprint=Radial-SMD-8x10mm New Footprint=Radial-SMD-8x10mm
Change Physical Footprint: Designator=C2 Old Footprint=C0805-1.25MM New Footprint=C0805-1.25MM
Change Physical Footprint: Designator=C3 Old Footprint=C0805-1.25MM New Footprint=C0805-1.25MM
Change Physical Footprint: Designator=C4 Old Footprint=Radial-SMD-8x10mm New Footprint=Radial-SMD-8x10mm
Change Physical Footprint: Designator=C5 Old Footprint=C0805-1.25MM New Footprint=C0805-1.25MM
Change Physical Footprint: Designator=C6 Old Footprint=0402-0.55mm New Footprint=0402-0.55mm
Change Physical Footprint: Designator=C7 Old Footprint=0402-0.55mm New Footprint=0402-0.55mm
Change Physical Footprint: Designator=C8 Old Footprint=C0805-1.25MM New Footprint=C0805-1.25MM
Change Physical Footprint: Designator=C9 Old Footprint=C0805-1.25MM New Footprint=C0805-1.25MM
Change Physical Footprint: Designator=C10 Old Footprint=0402-0.55mm New Footprint=0402-0.55mm
Change Physical Footprint: Designator=C11 Old Footprint=C0805-1.25MM New Footprint=C0805-1.25MM
Change Physical Footprint: Designator=C12 Old Footprint=C0805-1.25MM New Footprint=C0805-1.25MM
Change Physical Footprint: Designator=C13 Old Footprint=0402-0.55mm New Footprint=0402-0.55mm
Change Physical Footprint: Designator=C14 Old Footprint=0402-0.55mm New Footprint=0402-0.55mm
Change Physical Footprint: Designator=C15 Old Footprint=0402-0.55mm New Footprint=0402-0.55mm
Change Physical Footprint: Designator=C16 Old Footprint=C0805-1.25MM New Footprint=C0805-1.25MM
Change Physical Footprint: Designator=C17 Old Footprint=C0805-1.25MM New Footprint=C0805-1.25MM
Change Physical Footprint: Designator=C18 Old Footprint=0402-0.55mm New Footprint=0402-0.55mm
Change Physical Footprint: Designator=C19 Old Footprint=0402-0.55mm New Footprint=0402-0.55mm
Change Physical Footprint: Designator=C20 Old Footprint=0402-0.55mm New Footprint=0402-0.55mm
Change Physical Footprint: Designator=C21 Old Footprint=0402-0.55mm New Footprint=0402-0.55mm
Change Physical Footprint: Designator=C22 Old Footprint=0402-0.55mm New Footprint=0402-0.55mm
Change Physical Footprint: Designator=C23 Old Footprint=C0805-1.25MM New Footprint=C0805-1.25MM
Change Physical Footprint: Designator=C24 Old Footprint=C0805-1.25MM New Footprint=C0805-1.25MM
Change Physical Footprint: Designator=C29 Old Footprint=0402-0.55mm New Footprint=0402-0.55mm
Change Physical Footprint: Designator=C30 Old Footprint=0402-0.55mm New Footprint=0402-0.55mm
Change Physical Footprint: Designator=C31 Old Footprint=0402-0.55mm New Footprint=0402-0.55mm
Change Physical Footprint: Designator=C32 Old Footprint=0402-0.55mm New Footprint=0402-0.55mm
Change Physical Footprint: Designator=C35 Old Footprint=0402-0.55mm New Footprint=0402-0.55mm
Change Physical Footprint: Designator=C38 Old Footprint=0402-0.55mm New Footprint=0402-0.55mm
Change Physical Footprint: Designator=C39 Old Footprint=C1210-2.5mm New Footprint=C1210-2.5mm
Change Physical Footprint: Designator=C40 Old Footprint=C1210-2.5mm New Footprint=C1210-2.5mm
Change Physical Footprint: Designator=C41 Old Footprint=C1210-2.5mm New Footprint=C1210-2.5mm
Change Physical Footprint: Designator=C44 Old Footprint=C0805-1.25MM New Footprint=C0805-1.25MM
Change Physical Footprint: Designator=C45 Old Footprint=C0805-1.25MM New Footprint=C0805-1.25MM
Change Physical Footprint: Designator=C46 Old Footprint=C0603-0.8MM New Footprint=C0603-0.8MM
Change Physical Footprint: Designator=C47 Old Footprint=0402-0.55mm New Footprint=0402-0.55mm
Change Physical Footprint: Designator=C48 Old Footprint=0805-1.35MM New Footprint=0805-1.35MM
Change Physical Footprint: Designator=C49 Old Footprint=0402-0.55mm New Footprint=0402-0.55mm
Change Physical Footprint: Designator=C50 Old Footprint=C0805-1.25MM New Footprint=C0805-1.25MM
Change Physical Footprint: Designator=C51 Old Footprint=0402-0.55mm New Footprint=0402-0.55mm
Change Physical Footprint: Designator=D1 Old Footprint=SOD-123f New Footprint=SOD-123f
Change Physical Footprint: Designator=D2 Old Footprint=SOD-123f New Footprint=SOD-123f
Change Physical Footprint: Designator=D3 Old Footprint=DO-214AA New Footprint=DO-214AA
Change Physical Footprint: Designator=D4 Old Footprint=SOD-123f New Footprint=SOD-123f
Change Physical Footprint: Designator=D5 Old Footprint=0805-LED New Footprint=0805-LED
Change Physical Footprint: Designator=D6 Old Footprint=SOD-123f New Footprint=SOD-123f
Change Physical Footprint: Designator=D7 Old Footprint=SOD-123f New Footprint=SOD-123f
Change Physical Footprint: Designator=D8 Old Footprint=0805-LED New Footprint=0805-LED
Change Physical Footprint: Designator=D9 Old Footprint=0805-LED New Footprint=0805-LED
Change Physical Footprint: Designator=D10 Old Footprint=0805-LED New Footprint=0805-LED
Change Physical Footprint: Designator=D11 Old Footprint=SOD-123f New Footprint=SOD-123f
Change Physical Footprint: Designator=D12 Old Footprint=0805-LED New Footprint=0805-LED
Change Physical Footprint: Designator=D13 Old Footprint=SOD-123f New Footprint=SOD-123f
Change Physical Footprint: Designator=F1 Old Footprint=0603-0.8mm New Footprint=0603-0.8mm
Change Physical Footprint: Designator=F2 Old Footprint=0603-0.8mm New Footprint=0603-0.8mm
Change Physical Footprint: Designator=GND Old Footprint=TP-LOOP New Footprint=TP-LOOP
Change Physical Footprint: Designator=GND Old Footprint=TP-LOOP New Footprint=TP-LOOP
Change Physical Footprint: Designator=GND Old Footprint=TP-LOOP New Footprint=TP-LOOP
Change Physical Footprint: Designator=GND Old Footprint=TP-LOOP New Footprint=TP-LOOP
Change Physical Footprint: Designator=GND Old Footprint=TP-LOOP New Footprint=TP-LOOP
Change Physical Footprint: Designator=J1 Old Footprint=0805-DNP New Footprint=0805-DNP
Change Physical Footprint: Designator=J2 Old Footprint=0805-DNP New Footprint=0805-DNP
Change Physical Footprint: Designator=J3 Old Footprint=0805-DNP New Footprint=0805-DNP
Change Physical Footprint: Designator=J4 Old Footprint=0805-DNP New Footprint=0805-DNP
Change Physical Footprint: Designator=J5 Old Footprint=0805-DNP New Footprint=0805-DNP
Change Physical Footprint: Designator=J6 Old Footprint=0805-DNP New Footprint=0805-DNP
Change Physical Footprint: Designator=J7 Old Footprint=0805-DNP New Footprint=0805-DNP
Change Physical Footprint: Designator=J8 Old Footprint=0805-DNP New Footprint=0805-DNP
Change Physical Footprint: Designator=J9 Old Footprint=0805-DNP New Footprint=0805-DNP
Change Physical Footprint: Designator=J10 Old Footprint=0805-DNP New Footprint=0805-DNP
Change Physical Footprint: Designator=J11 Old Footprint=0805-DNP New Footprint=0805-DNP
Change Physical Footprint: Designator=J12 Old Footprint=0805-DNP New Footprint=0805-DNP
Change Physical Footprint: Designator=J13 Old Footprint=0805-DNP New Footprint=0805-DNP
Change Physical Footprint: Designator=J16 Old Footprint=0402-DNP New Footprint=0402-DNP
Change Physical Footprint: Designator=J17 Old Footprint=0402-DNP New Footprint=0402-DNP
Change Physical Footprint: Designator=J18 Old Footprint=0805-DNP New Footprint=0805-DNP
Change Physical Footprint: Designator=J19 Old Footprint=0805-DNP New Footprint=0805-DNP
Change Physical Footprint: Designator=J21 Old Footprint=0805-DNP New Footprint=0805-DNP
Change Physical Footprint: Designator=J22 Old Footprint=0805-DNP New Footprint=0805-DNP
Change Physical Footprint: Designator=J24 Old Footprint=0402-DNP New Footprint=0402-DNP
Change Physical Footprint: Designator=J25 Old Footprint=0402-DNP New Footprint=0402-DNP
Change Physical Footprint: Designator=J26 Old Footprint=CON-COAX New Footprint=CON-COAX
Change Physical Footprint: Designator=J29 Old Footprint=CON-COAX New Footprint=CON-COAX
Change Physical Footprint: Designator=J30 Old Footprint=0402-DNP New Footprint=0402-DNP
Change Physical Footprint: Designator=J31 Old Footprint=0402-DNP New Footprint=0402-DNP
Change Physical Footprint: Designator=J34 Old Footprint=0402-DNP New Footprint=0402-DNP
Change Physical Footprint: Designator=J35 Old Footprint=0402-DNP New Footprint=0402-DNP
Change Physical Footprint: Designator=J36 Old Footprint=0805-DNP New Footprint=0805-DNP
Change Physical Footprint: Designator=J37 Old Footprint=0805-DNP New Footprint=0805-DNP
Change Physical Footprint: Designator=J38 Old Footprint=0805-DNP New Footprint=0805-DNP
Change Physical Footprint: Designator=J39 Old Footprint=0805-DNP New Footprint=0805-DNP
Change Physical Footprint: Designator=J40 Old Footprint=0805-DNP New Footprint=0805-DNP
Change Physical Footprint: Designator=J41 Old Footprint=0805-DNP New Footprint=0805-DNP
Change Physical Footprint: Designator=J42 Old Footprint=0805-DNP New Footprint=0805-DNP
Change Physical Footprint: Designator=J43 Old Footprint=0805-DNP New Footprint=0805-DNP
Change Physical Footprint: Designator=J44 Old Footprint=0805-DNP New Footprint=0805-DNP
Change Physical Footprint: Designator=J45 Old Footprint=0805-DNP New Footprint=0805-DNP
Change Physical Footprint: Designator=J46 Old Footprint=0805-DNP New Footprint=0805-DNP
Change Physical Footprint: Designator=J47 Old Footprint=0805-DNP New Footprint=0805-DNP
Change Physical Footprint: Designator=J48 Old Footprint=0805-DNP New Footprint=0805-DNP
Change Physical Footprint: Designator=J49 Old Footprint=0805-DNP New Footprint=0805-DNP
Change Physical Footprint: Designator=J50 Old Footprint=0805-DNP New Footprint=0805-DNP
Change Physical Footprint: Designator=J51 Old Footprint=0805-DNP New Footprint=0805-DNP
Change Physical Footprint: Designator=J52 Old Footprint=0805-DNP New Footprint=0805-DNP
Change Physical Footprint: Designator=J53 Old Footprint=0805-DNP New Footprint=0805-DNP
Change Physical Footprint: Designator=J54 Old Footprint=0402-DNP New Footprint=0402-DNP
Change Physical Footprint: Designator=J55 Old Footprint=CON-COAX New Footprint=CON-COAX
Change Physical Footprint: Designator=J56 Old Footprint=0805-DNP New Footprint=0805-DNP
Change Physical Footprint: Designator=J57 Old Footprint=0402-DNP New Footprint=0402-DNP
Change Physical Footprint: Designator=J58 Old Footprint=0805-DNP New Footprint=0805-DNP
Change Physical Footprint: Designator=J59 Old Footprint=0402-DNP New Footprint=0402-DNP
Change Physical Footprint: Designator=J60 Old Footprint=0805-DNP New Footprint=0805-DNP
Change Physical Footprint: Designator=J61 Old Footprint=0805-DNP New Footprint=0805-DNP
Change Physical Footprint: Designator=J62 Old Footprint=0805-DNP New Footprint=0805-DNP
Change Physical Footprint: Designator=J63 Old Footprint=0805-DNP New Footprint=0805-DNP
Change Physical Footprint: Designator=J64 Old Footprint=0805-DNP New Footprint=0805-DNP
Change Physical Footprint: Designator=J65 Old Footprint=0805-DNP New Footprint=0805-DNP
Change Physical Footprint: Designator=J66 Old Footprint=0805-DNP New Footprint=0805-DNP
Change Physical Footprint: Designator=J67 Old Footprint=0805-DNP New Footprint=0805-DNP
Change Physical Footprint: Designator=J68 Old Footprint=0805-DNP New Footprint=0805-DNP
Change Physical Footprint: Designator=J69 Old Footprint=0805-DNP New Footprint=0805-DNP
Change Physical Footprint: Designator=J70 Old Footprint=0805-DNP New Footprint=0805-DNP
Change Physical Footprint: Designator=J71 Old Footprint=0805-DNP New Footprint=0805-DNP
Change Physical Footprint: Designator=J72 Old Footprint=0805-DNP New Footprint=0805-DNP
Change Physical Footprint: Designator=J73 Old Footprint=0805-DNP New Footprint=0805-DNP
Change Physical Footprint: Designator=J74 Old Footprint=0805-DNP New Footprint=0805-DNP
Change Physical Footprint: Designator=J75 Old Footprint=0805-DNP New Footprint=0805-DNP
Change Physical Footprint: Designator=J76 Old Footprint=0805-DNP New Footprint=0805-DNP
Change Physical Footprint: Designator=J77 Old Footprint=0805-DNP New Footprint=0805-DNP
Change Physical Footprint: Designator=J78 Old Footprint=0805-DNP New Footprint=0805-DNP
Change Physical Footprint: Designator=J79 Old Footprint=0805-DNP New Footprint=0805-DNP
Change Physical Footprint: Designator=J80 Old Footprint=0805-DNP New Footprint=0805-DNP
Change Physical Footprint: Designator=J81 Old Footprint=0805-DNP New Footprint=0805-DNP
Change Physical Footprint: Designator=J82 Old Footprint=0805-DNP New Footprint=0805-DNP
Change Physical Footprint: Designator=J83 Old Footprint=0805-DNP New Footprint=0805-DNP
Change Physical Footprint: Designator=J84 Old Footprint=0805-DNP New Footprint=0805-DNP
Change Physical Footprint: Designator=J85 Old Footprint=0805-DNP New Footprint=0805-DNP
Change Physical Footprint: Designator=J86 Old Footprint=0805-DNP New Footprint=0805-DNP
Change Physical Footprint: Designator=J87 Old Footprint=0805-DNP New Footprint=0805-DNP
Change Physical Footprint: Designator=J88 Old Footprint=0805-DNP New Footprint=0805-DNP
Change Physical Footprint: Designator=J89 Old Footprint=0805-DNP New Footprint=0805-DNP
Change Physical Footprint: Designator=J90 Old Footprint=0805-DNP New Footprint=0805-DNP
Change Physical Footprint: Designator=J91 Old Footprint=0805-DNP New Footprint=0805-DNP
Change Physical Footprint: Designator=J92 Old Footprint=0805-DNP New Footprint=0805-DNP
Change Physical Footprint: Designator=J93 Old Footprint=0805-DNP New Footprint=0805-DNP
Change Physical Footprint: Designator=J94 Old Footprint=0805-DNP New Footprint=0805-DNP
Change Physical Footprint: Designator=J95 Old Footprint=0805-DNP New Footprint=0805-DNP
Change Physical Footprint: Designator=J96 Old Footprint=0805-DNP New Footprint=0805-DNP
Change Physical Footprint: Designator=L1 Old Footprint=7447709471 New Footprint=7447709471
Change Physical Footprint: Designator=L2 Old Footprint=L0603-0.8mm New Footprint=L0603-0.8mm
Change Physical Footprint: Designator=L3 Old Footprint=L0603-0.8mm New Footprint=L0603-0.8mm
Change Physical Footprint: Designator=L4 Old Footprint=L1210 New Footprint=L1210
Change Physical Footprint: Designator=L5 Old Footprint=L1210 New Footprint=L1210
Change Physical Footprint: Designator=LPF1 Old Footprint=LPF-0603-0.8mm New Footprint=LPF-0603-0.8mm
Change Physical Footprint: Designator=LPF2 Old Footprint=LPF-0603-0.8mm New Footprint=LPF-0603-0.8mm
Change Physical Footprint: Designator=OP-3V Old Footprint=TP-LOOP New Footprint=TP-LOOP
Change Physical Footprint: Designator=OP-10V Old Footprint=TP-LOOP New Footprint=TP-LOOP
Change Physical Footprint: Designator=P1 Old Footprint=HDR1X2 New Footprint=HDR1X2
Change Physical Footprint: Designator=R1 Old Footprint=0805-0.45MM New Footprint=0805-0.45MM
Change Physical Footprint: Designator=R2 Old Footprint=0805-0.45MM New Footprint=0805-0.45MM
Change Physical Footprint: Designator=R3 Old Footprint=0805-0.45MM New Footprint=0805-0.45MM
Change Physical Footprint: Designator=R4 Old Footprint=0805-0.45MM New Footprint=0805-0.45MM
Change Physical Footprint: Designator=R5 Old Footprint=0805-0.45MM New Footprint=0805-0.45MM
Change Physical Footprint: Designator=R6 Old Footprint=0805-0.45MM New Footprint=0805-0.45MM
Change Physical Footprint: Designator=R7 Old Footprint=0805-0.45MM New Footprint=0805-0.45MM
Change Physical Footprint: Designator=R8 Old Footprint=0805-0.45MM New Footprint=0805-0.45MM
Change Physical Footprint: Designator=R9 Old Footprint=0805-0.45MM New Footprint=0805-0.45MM
Change Physical Footprint: Designator=R10 Old Footprint=0805-0.45MM New Footprint=0805-0.45MM
Change Physical Footprint: Designator=R11 Old Footprint=0805-0.45MM New Footprint=0805-0.45MM
Change Physical Footprint: Designator=R12 Old Footprint=0805-0.45MM New Footprint=0805-0.45MM
Change Physical Footprint: Designator=R13 Old Footprint=0805-0.45MM New Footprint=0805-0.45MM
Change Physical Footprint: Designator=R14 Old Footprint=0805-0.45MM New Footprint=0805-0.45MM
Change Physical Footprint: Designator=R15 Old Footprint=0805-0.45MM New Footprint=0805-0.45MM
Change Physical Footprint: Designator=R16 Old Footprint=0402-0.55mm New Footprint=0402-0.55mm
Change Physical Footprint: Designator=R17 Old Footprint=0402-0.55mm New Footprint=0402-0.55mm
Change Physical Footprint: Designator=R19 Old Footprint=0805-0.45MM New Footprint=0805-0.45MM
Change Physical Footprint: Designator=R20 Old Footprint=0805-0.45MM New Footprint=0805-0.45MM
Change Physical Footprint: Designator=R21 Old Footprint=0805-0.45MM New Footprint=0805-0.45MM
Change Physical Footprint: Designator=R22 Old Footprint=0805-0.45MM New Footprint=0805-0.45MM
Change Physical Footprint: Designator=R23 Old Footprint=0805-0.45MM New Footprint=0805-0.45MM
Change Physical Footprint: Designator=R24 Old Footprint=0805-0.45MM New Footprint=0805-0.45MM
Change Physical Footprint: Designator=R25 Old Footprint=0805-0.45MM New Footprint=0805-0.45MM
Change Physical Footprint: Designator=R26 Old Footprint=0805-0.45MM New Footprint=0805-0.45MM
Change Physical Footprint: Designator=R27 Old Footprint=0805-0.45MM New Footprint=0805-0.45MM
Change Physical Footprint: Designator=R28 Old Footprint=3310Y New Footprint=3310Y
Change Physical Footprint: Designator=R29 Old Footprint=0805-DNP New Footprint=0805-DNP
Change Physical Footprint: Designator=R30 Old Footprint=0805-0.45MM New Footprint=0805-0.45MM
Change Physical Footprint: Designator=R31 Old Footprint=0805-0.45MM New Footprint=0805-0.45MM
Change Physical Footprint: Designator=R32 Old Footprint=0805-0.45MM New Footprint=0805-0.45MM
Change Physical Footprint: Designator=R33 Old Footprint=0805-0.45MM New Footprint=0805-0.45MM
Change Physical Footprint: Designator=R34 Old Footprint=0805-0.45MM New Footprint=0805-0.45MM
Change Physical Footprint: Designator=R35 Old Footprint=3310Y New Footprint=3310Y
Change Physical Footprint: Designator=R36 Old Footprint=0805-0.45MM New Footprint=0805-0.45MM
Change Physical Footprint: Designator=R37 Old Footprint=3310Y New Footprint=3310Y
Change Physical Footprint: Designator=R38 Old Footprint=0805-0.45MM New Footprint=0805-0.45MM
Change Physical Footprint: Designator=R39 Old Footprint=0805-0.45MM New Footprint=0805-0.45MM
Change Physical Footprint: Designator=R40 Old Footprint=0805-0.45MM New Footprint=0805-0.45MM
Change Physical Footprint: Designator=R41 Old Footprint=0805-0.45MM New Footprint=0805-0.45MM
Change Physical Footprint: Designator=R42 Old Footprint=0805-0.45MM New Footprint=0805-0.45MM
Change Physical Footprint: Designator=R43 Old Footprint=0805-0.45MM New Footprint=0805-0.45MM
Change Physical Footprint: Designator=U1 Old Footprint=TO-263-4 New Footprint=TO-263-4
Change Physical Footprint: Designator=U2 Old Footprint=MSOP8 New Footprint=MSOP8
Change Physical Footprint: Designator=U3 Old Footprint=TO-263-4 New Footprint=TO-263-4
Change Physical Footprint: Designator=U4 Old Footprint=MSOP8 New Footprint=MSOP8
Change Physical Footprint: Designator=U5 Old Footprint=MSOP8 New Footprint=MSOP8
Change Physical Footprint: Designator=U6 Old Footprint=QFN-24-(4x4) New Footprint=QFN-24-(4x4)
Change Physical Footprint: Designator=U9 Old Footprint=PDIP-8-(7.62mm)-SOCKET New Footprint=PDIP-8-(7.62mm)-SOCKET
Change Physical Footprint: Designator=U9B+ Old Footprint=TP-LOOP New Footprint=TP-LOOP
Change Physical Footprint: Designator=U9B- Old Footprint=TP-LOOP New Footprint=TP-LOOP
Change Physical Footprint: Designator=U9B_OUT Old Footprint=TP-LOOP New Footprint=TP-LOOP
Change Physical Footprint: Designator=U10 Old Footprint=PDIP-8-(7.62mm)-SOCKET New Footprint=PDIP-8-(7.62mm)-SOCKET
Change Physical Footprint: Designator=U11 Old Footprint=TSSOP14 New Footprint=TSSOP14
Change Physical Footprint: Designator=U11B+ Old Footprint=TP-LOOP New Footprint=TP-LOOP
Change Physical Footprint: Designator=U11B- Old Footprint=TP-LOOP New Footprint=TP-LOOP
Change Physical Footprint: Designator=U11B_OUT Old Footprint=TP-LOOP New Footprint=TP-LOOP
Change Physical Footprint: Designator=U11C+ Old Footprint=TP-LOOP New Footprint=TP-LOOP
Change Physical Footprint: Designator=U11C- Old Footprint=TP-LOOP New Footprint=TP-LOOP
Change Physical Footprint: Designator=U11C_OUT Old Footprint=TP-LOOP New Footprint=TP-LOOP
Change Physical Footprint: Designator=U11D+ Old Footprint=TP-LOOP New Footprint=TP-LOOP
Change Physical Footprint: Designator=U11D- Old Footprint=TP-LOOP New Footprint=TP-LOOP
Change Physical Footprint: Designator=U11D_OUT Old Footprint=TP-LOOP New Footprint=TP-LOOP
Change Physical Footprint: Designator=VIN Old Footprint=TP-LOOP New Footprint=TP-LOOP
Change Physical Footprint: Designator=VTUNE Old Footprint=TP-LOOP New Footprint=TP-LOOP
