Added Component: Designator=J26(CON-COAX)
Added Component: Designator=J29(CON-COAX)
Added Component: Designator=J55(CON-COAX)
Added Pin To Net: NetName=GND Pin=J26-2
Added Pin To Net: NetName=GND Pin=J26-3
Added Pin To Net: NetName=GND Pin=J26-4
Added Pin To Net: NetName=GND Pin=J26-5
Added Pin To Net: NetName=GND Pin=J29-2
Added Pin To Net: NetName=GND Pin=J29-3
Added Pin To Net: NetName=GND Pin=J29-4
Added Pin To Net: NetName=GND Pin=J29-5
Added Pin To Net: NetName=PLL_CHG_PUMP Pin=J55-1
Added Pin To Net: NetName=GND Pin=J55-2
Added Pin To Net: NetName=GND Pin=J55-3
Added Pin To Net: NetName=GND Pin=J55-4
Added Pin To Net: NetName=GND Pin=J55-5
Added Pin To Net: NetName=NetJ26_1 Pin=J26-1
Added Pin To Net: NetName=NetJ26_1 Pin=LPF1-3
Added Net: Name=NetJ26_1
Added Pin To Net: NetName=NetJ29_1 Pin=J29-1
Added Pin To Net: NetName=NetJ29_1 Pin=LPF2-3
Added Net: Name=NetJ29_1
Added Member To Class: ClassName=VCO and Buffer Member=Component J26 CON-SMA
Added Member To Class: ClassName=VCO and Buffer Member=Component J29 CON-SMA
Added Member To Class: ClassName=VCO and Buffer Member=Component J34 GEN-PAD
Added Member To Class: ClassName=VCO and Buffer Member=Component J35 GEN-PAD
Added Member To Class: ClassName=OpAmp Member=Component J50 GEN-PAD
Added Member To Class: ClassName=OpAmp Member=Component J51 GEN-PAD
Added Member To Class: ClassName=OpAmp Member=Component J52 GEN-PAD
Added Member To Class: ClassName=OpAmp Member=Component J53 GEN-PAD
Added Member To Class: ClassName=Active/Passive PLL Filters Member=Component J55 CON-SMA
Added Member To Class: ClassName=Active/Passive PLL Filters Member=Component J93 GEN-PAD
Added Member To Class: ClassName=Active/Passive PLL Filters Member=Component J94 GEN-PAD
Added Member To Class: ClassName=Active/Passive PLL Filters Member=Component J95 GEN-PAD
Added Member To Class: ClassName=Active/Passive PLL Filters Member=Component J96 GEN-PAD
