Removed Pin From Net: NetName=5V-FILTER Pin=2V5 Filter-0
Removed Pin From Net: NetName=5V-TS Pin=5V-TS-0
Removed Pin From Net: NetName=5V-VCO Pin=5V-VCO-0
Removed Pin From Net: NetName=NetC14_2 Pin=8V-0
Removed Pin From Net: NetName=20V Pin=20V-0
Removed Pin From Net: NetName=GND Pin=GND-0
Removed Pin From Net: NetName=NetC29_1 Pin=J16-1
Removed Pin From Net: NetName=RF1 Pin=J17-1
Removed Pin From Net: NetName=NetC32_1 Pin=J24-1
Removed Pin From Net: NetName=RF2 Pin=J25-1
Removed Pin From Net: NetName=NetC35_1 Pin=J30-1
Removed Pin From Net: NetName=RF1OUT Pin=J31-1
Removed Pin From Net: NetName=NetC38_1 Pin=J34-1
Removed Pin From Net: NetName=RF2OUT Pin=J35-1
Removed Pin From Net: NetName=NetR36_1 Pin=OP-3V-0
Removed Pin From Net: NetName=NetR34_1 Pin=OP-10V-0
Removed Pin From Net: NetName=NetC29_1 Pin=R16-2
Removed Pin From Net: NetName=NetC32_1 Pin=R18-2
Removed Pin From Net: NetName=NetJ41_1 Pin=U9B+-0
Removed Pin From Net: NetName=NetJ37_2 Pin=U9B--0
Removed Pin From Net: NetName=NetJ40_2 Pin=U9B_OUT-0
Removed Pin From Net: NetName=NetJ71_2 Pin=U11B+-0
Removed Pin From Net: NetName=NetJ66_2 Pin=U11B--0
Removed Pin From Net: NetName=NetJ70_2 Pin=U11B_OUT-0
Removed Pin From Net: NetName=NetJ92_2 Pin=U11C+-0
Removed Pin From Net: NetName=NetJ88_2 Pin=U11C--0
Removed Pin From Net: NetName=NetJ91_2 Pin=U11C_OUT-0
Removed Pin From Net: NetName=NetJ82_2 Pin=U11D+-0
Removed Pin From Net: NetName=NetJ78_2 Pin=U11D--0
Removed Pin From Net: NetName=NetJ81_2 Pin=U11D_OUT-0
Removed Pin From Net: NetName=VIN Pin=VIN-0
Removed Pin From Net: NetName=VTUNE Pin=VTUNE-0
Removed Member From Class: ClassName=Voltage Regulators Member=GND
Change Component Comment : Designator=R18 Old Comment=16 New Comment=16x3
Added Pin To Net: NetName=NetR18_1 Pin=R18-1
Added Pin To Net: NetName=NetR18_1 Pin=U6-15
Added Net: Name=NetR18_1
