Removed Pin From Net: NetName=NetC29_1 Pin=C29-1
Removed Pin From Net: NetName=NetC29_2 Pin=C29-2
Removed Pin From Net: NetName=GND Pin=C30-1
Removed Pin From Net: NetName=NetC30_2 Pin=C30-2
Removed Pin From Net: NetName=GND Pin=C31-1
Removed Pin From Net: NetName=NetC30_2 Pin=C31-2
Removed Pin From Net: NetName=NetC32_1 Pin=C32-1
Removed Pin From Net: NetName=NetC32_2 Pin=C32-2
Removed Pin From Net: NetName=RF1OUT Pin=J12-1
Removed Pin From Net: NetName=GND Pin=J12-2
Removed Pin From Net: NetName=GND Pin=J12-3
Removed Pin From Net: NetName=GND Pin=J12-4
Removed Pin From Net: NetName=GND Pin=J12-5
Removed Pin From Net: NetName=RF2OUT Pin=J15-1
Removed Pin From Net: NetName=GND Pin=J15-2
Removed Pin From Net: NetName=GND Pin=J15-3
Removed Pin From Net: NetName=GND Pin=J15-4
Removed Pin From Net: NetName=GND Pin=J15-5
Removed Pin From Net: NetName=NetR16_1 Pin=R16-1
Removed Pin From Net: NetName=NetC29_1 Pin=R16-2
Removed Pin From Net: NetName=GND Pin=U6-0
Removed Pin From Net: NetName=GND Pin=U6-1
Removed Pin From Net: NetName=GND Pin=U6-2
Removed Pin From Net: NetName=GND Pin=U6-3
Removed Pin From Net: NetName=VTUNE Pin=U6-4
Removed Pin From Net: NetName=GND Pin=U6-5
Removed Pin From Net: NetName=GND Pin=U6-6
Removed Pin From Net: NetName=GND Pin=U6-7
Removed Pin From Net: NetName=GND Pin=U6-8
Removed Pin From Net: NetName=GND Pin=U6-9
Removed Pin From Net: NetName=GND Pin=U6-10
Removed Pin From Net: NetName=GND Pin=U6-11
Removed Pin From Net: NetName=NetC30_2 Pin=U6-12
Removed Pin From Net: NetName=GND Pin=U6-13
Removed Pin From Net: NetName=GND Pin=U6-14
Removed Pin From Net: NetName=NetR17_1 Pin=U6-15
Removed Pin From Net: NetName=GND Pin=U6-16
Removed Pin From Net: NetName=GND Pin=U6-17
Removed Pin From Net: NetName=GND Pin=U6-18
Removed Pin From Net: NetName=GND Pin=U6-19
Removed Pin From Net: NetName=GND Pin=U6-20
Removed Pin From Net: NetName=GND Pin=U6-21
Removed Pin From Net: NetName=GND Pin=U6-22
Removed Pin From Net: NetName=GND Pin=U6-23
Removed Pin From Net: NetName=GND Pin=U6-24
Change Component DesignItemId : Designator=R27 Old DesignItemId=EM-RES-01110 New DesignItemId=EE-POT-00001
Change Component Footprint: Designator=R27 Old Footprint=0805-0.45MM New Footprint=EVU-F2LFL3B24
Added Component: Designator=C29(0402-0.55mm)
Added Component: Designator=C30(0402-0.55mm)
Added Component: Designator=C31(0402-0.55mm)
Added Component: Designator=C32(0402-0.55mm)
Added Component: Designator=D12(SOD-87B)
Added Component: Designator=D13(SOD-87B)
Added Component: Designator=J12(MCX5.08-H5)
Added Component: Designator=J15(MCX5.08-H5)
Added Component: Designator=LPF1(LPF-0603-0.8mm)
Added Component: Designator=LPF2(LPF-0603-0.8mm)
Added Component: Designator=R16(0402-0.55mm)
Added Component: Designator=R38(0805-DNP)
Added Component: Designator=TP1(TP-LOOP)
Added Component: Designator=TP2(TP-LOOP)
Added Component: Designator=U6(QFN-24-(4x4))
Added Pin To Net: NetName=NetC29_1 Pin=C29-1
Added Pin To Net: NetName=NetC29_2 Pin=C29-2
Added Pin To Net: NetName=GND Pin=C30-1
Added Pin To Net: NetName=NetC30_2 Pin=C30-2
Added Pin To Net: NetName=GND Pin=C31-1
Added Pin To Net: NetName=NetC30_2 Pin=C31-2
Added Pin To Net: NetName=NetC32_1 Pin=C32-1
Added Pin To Net: NetName=NetC32_2 Pin=C32-2
Added Pin To Net: NetName=NetC42_2 Pin=D12-A
Added Pin To Net: NetName=NetC42_2 Pin=D13-C
Added Pin To Net: NetName=GND Pin=J12-2
Added Pin To Net: NetName=GND Pin=J12-3
Added Pin To Net: NetName=GND Pin=J12-4
Added Pin To Net: NetName=GND Pin=J12-5
Added Pin To Net: NetName=GND Pin=J15-2
Added Pin To Net: NetName=GND Pin=J15-3
Added Pin To Net: NetName=GND Pin=J15-4
Added Pin To Net: NetName=GND Pin=J15-5
Added Pin To Net: NetName=RF1OUT Pin=LPF1-1
Added Pin To Net: NetName=GND Pin=LPF1-2
Added Pin To Net: NetName=GND Pin=LPF1-2
Added Pin To Net: NetName=GND Pin=LPF1-2
Added Pin To Net: NetName=GND Pin=LPF1-4
Added Pin To Net: NetName=GND Pin=LPF1-4
Added Pin To Net: NetName=RF2OUT Pin=LPF2-1
Added Pin To Net: NetName=GND Pin=LPF2-2
Added Pin To Net: NetName=GND Pin=LPF2-2
Added Pin To Net: NetName=GND Pin=LPF2-2
Added Pin To Net: NetName=GND Pin=LPF2-4
Added Pin To Net: NetName=GND Pin=LPF2-4
Added Pin To Net: NetName=NetR16_1 Pin=R16-1
Added Pin To Net: NetName=NetC29_1 Pin=R16-2
Added Pin To Net: NetName=GND Pin=R27-3
Added Pin To Net: NetName=GND Pin=R38-1
Added Pin To Net: NetName=NetR25_1 Pin=R38-2
Added Pin To Net: NetName=GND Pin=U6-0
Added Pin To Net: NetName=GND Pin=U6-1
Added Pin To Net: NetName=GND Pin=U6-2
Added Pin To Net: NetName=GND Pin=U6-3
Added Pin To Net: NetName=VTUNE Pin=U6-4
Added Pin To Net: NetName=GND Pin=U6-5
Added Pin To Net: NetName=GND Pin=U6-6
Added Pin To Net: NetName=GND Pin=U6-7
Added Pin To Net: NetName=GND Pin=U6-8
Added Pin To Net: NetName=GND Pin=U6-9
Added Pin To Net: NetName=GND Pin=U6-10
Added Pin To Net: NetName=GND Pin=U6-11
Added Pin To Net: NetName=NetC30_2 Pin=U6-12
Added Pin To Net: NetName=GND Pin=U6-13
Added Pin To Net: NetName=GND Pin=U6-14
Added Pin To Net: NetName=NetR17_1 Pin=U6-15
Added Pin To Net: NetName=GND Pin=U6-16
Added Pin To Net: NetName=GND Pin=U6-17
Added Pin To Net: NetName=GND Pin=U6-18
Added Pin To Net: NetName=GND Pin=U6-19
Added Pin To Net: NetName=GND Pin=U6-20
Added Pin To Net: NetName=GND Pin=U6-21
Added Pin To Net: NetName=GND Pin=U6-22
Added Pin To Net: NetName=GND Pin=U6-23
Added Pin To Net: NetName=GND Pin=U6-24
Added Pin To Net: NetName=NetD12_C Pin=D12-C
Added Pin To Net: NetName=NetD12_C Pin=TP1-0
Added Net: Name=NetD12_C
Added Pin To Net: NetName=NetD13_A Pin=D13-A
Added Pin To Net: NetName=NetD13_A Pin=TP2-0
Added Net: Name=NetD13_A
Added Pin To Net: NetName=NetJ12_1 Pin=J12-1
Added Net: Name=NetJ12_1
Added Pin To Net: NetName=NetJ15_1 Pin=J15-1
Added Net: Name=NetJ15_1
Added Member To Class: ClassName=OpAmp Member=Component D12 CD1408-FU1800
Added Member To Class: ClassName=OpAmp Member=Component D13 CD1408-FU1800
Added Member To Class: ClassName=VCO and Buffer Member=Component J12 COAX-F
Added Member To Class: ClassName=VCO and Buffer Member=Component J15 COAX-F
Added Member To Class: ClassName=VCO and Buffer Member=Component LPF1 LFCW-1062+
Added Member To Class: ClassName=VCO and Buffer Member=Component LPF2 LFCW-1062+
Added Member To Class: ClassName=OpAmp Member=Component R38 DNP
Added Member To Class: ClassName=OpAmp Member=Component TP1 TP-LOOP
Added Member To Class: ClassName=OpAmp Member=Component TP2 TP-LOOP
